
2019-04-02 01:48:20	INFO	::casa	
2019-04-02 01:48:20	INFO	::casa	CASA Version 5.4.0-68  
2019-04-02 01:49:43	INFO	makemask::::	
2019-04-02 01:49:43	INFO	makemask::::+	##########################################
2019-04-02 01:49:43	INFO	makemask::::+	##### Begin Task: makemask           #####
2019-04-02 01:49:43	INFO	makemask::::	makemask(mode="copy",inpimage="/1/home/heh15/workingspace/Arp240/NGC5257/ratio/image/33GHz/NGC5257_33GHz_smooth_regrid.image/",inpmask="/1/home/heh15/workingspace/Arp240/NGC5257/ratio/region/hinge_SFR_co32.crtf",output="/1/home/heh15/workingspace/Arp240/NGC5257/ratio/mask/hinge_SFR_co32.mask",overwrite=False,
2019-04-02 01:49:43	INFO	makemask::::+	        inpfreqs=[],outfreqs=[])
2019-04-02 01:49:43	INFO	makemask::ImageFactory::createImage	Created Paged image '__tmp_outputmask' of shape [320, 320, 1, 1] with float valued pixels.
2019-04-02 01:49:44	INFO	makemask::ImageFactory::createImage	Created Paged image '__tmp_fromAllRgn' of shape [320, 320, 1, 1] with float valued pixels.
2019-04-02 01:49:44	INFO	makemask::AsciiRegionFileParser::_parse	Combined 1 image regions (which excludes any annotation regions)
2019-04-02 01:49:44	INFO	makemask::AsciiRegionFileParser::_parse	The specified region will select all pixels that are included in the region. Full pixels will be included even when they are only partially covered by the region(s).
2019-04-02 01:49:44	INFO	makemask::::	Converted 1 regions from 1 region files to image mask
2019-04-02 01:49:45	INFO	ImageMaskAttacher::makeMask	Created and initialized mask `mask0'
2019-04-02 01:49:45	INFO	SubImageFactory::createImage	Creating image '__tmp_regrid_allrgnmask' of shape [320, 320, 1, 1]
2019-04-02 01:49:45	INFO		deleted table /1/home/heh15/workingspace/Arp240/NGC5257/ratio/script/casa/makemask/temp/_tmp_copy___tmp_fromAllRgn
2019-04-02 01:49:46	INFO	makemask::::	Added mask based on regions to output mask
2019-04-02 01:49:46	INFO	ImageFactory::_rename	Successfully renamed file /1/home/heh15/workingspace/Arp240/NGC5257/ratio/script/casa/makemask/temp/__tmp_outputmask to /1/home/heh15/workingspace/Arp240/NGC5257/ratio/mask/hinge_SFR_co32.mask
2019-04-02 01:49:46	INFO	makemask::::	Merged masks from:
2019-04-02 01:49:46	INFO	makemask::::	region txt file(s): ['/1/home/heh15/workingspace/Arp240/NGC5257/ratio/region/hinge_SFR_co32.crtf']
2019-04-02 01:49:46	INFO	makemask::::	to create an output mask: /1/home/heh15/workingspace/Arp240/NGC5257/ratio/mask/hinge_SFR_co32.mask 
2019-04-02 01:49:46	INFO	makemask::::	##### End Task: makemask             #####
2019-04-02 01:49:46	INFO	makemask::::+	##########################################
2019-04-02 01:49:46	INFO	makemask::::	
2019-04-02 01:49:46	INFO	makemask::::+	##########################################
2019-04-02 01:49:46	INFO	makemask::::+	##### Begin Task: makemask           #####
2019-04-02 01:49:46	INFO	makemask::::	makemask(mode="copy",inpimage="/1/home/heh15/workingspace/Arp240/NGC5257/ratio/image/33GHz/NGC5257_33GHz_smooth_regrid.image/",inpmask="/1/home/heh15/workingspace/Arp240/NGC5257/ratio/region/center_SFR_co32.crtf",output="/1/home/heh15/workingspace/Arp240/NGC5257/ratio/mask/center_SFR_co32.mask",overwrite=False,
2019-04-02 01:49:46	INFO	makemask::::+	        inpfreqs=[],outfreqs=[])
2019-04-02 01:49:47	INFO	makemask::ImageFactory::createImage	Created Paged image '__tmp_outputmask' of shape [320, 320, 1, 1] with float valued pixels.
2019-04-02 01:49:48	INFO	makemask::ImageFactory::createImage	Created Paged image '__tmp_fromAllRgn' of shape [320, 320, 1, 1] with float valued pixels.
2019-04-02 01:49:48	INFO	makemask::AsciiRegionFileParser::_parse	Combined 1 image regions (which excludes any annotation regions)
2019-04-02 01:49:48	INFO	makemask::AsciiRegionFileParser::_parse	The specified region will select all pixels that are included in the region. Full pixels will be included even when they are only partially covered by the region(s).
2019-04-02 01:49:49	INFO	makemask::::	Converted 1 regions from 1 region files to image mask
2019-04-02 01:49:49	INFO	ImageMaskAttacher::makeMask	Created and initialized mask `mask0'
2019-04-02 01:49:49	INFO	SubImageFactory::createImage	Creating image '__tmp_regrid_allrgnmask' of shape [320, 320, 1, 1]
2019-04-02 01:49:49	INFO		deleted table /1/home/heh15/workingspace/Arp240/NGC5257/ratio/script/casa/makemask/temp/_tmp_copy___tmp_fromAllRgn
2019-04-02 01:49:50	INFO	makemask::::	Added mask based on regions to output mask
2019-04-02 01:49:50	INFO	ImageFactory::_rename	Successfully renamed file /1/home/heh15/workingspace/Arp240/NGC5257/ratio/script/casa/makemask/temp/__tmp_outputmask to /1/home/heh15/workingspace/Arp240/NGC5257/ratio/mask/center_SFR_co32.mask
2019-04-02 01:49:50	INFO	makemask::::	Merged masks from:
2019-04-02 01:49:50	INFO	makemask::::	region txt file(s): ['/1/home/heh15/workingspace/Arp240/NGC5257/ratio/region/center_SFR_co32.crtf']
2019-04-02 01:49:50	INFO	makemask::::	to create an output mask: /1/home/heh15/workingspace/Arp240/NGC5257/ratio/mask/center_SFR_co32.mask 
2019-04-02 01:49:50	INFO	makemask::::	##### End Task: makemask             #####
2019-04-02 01:49:50	INFO	makemask::::+	##########################################
2019-04-02 01:49:50	INFO	makemask::::	
2019-04-02 01:49:50	INFO	makemask::::+	##########################################
2019-04-02 01:49:50	INFO	makemask::::+	##### Begin Task: makemask           #####
2019-04-02 01:49:50	INFO	makemask::::	makemask(mode="copy",inpimage="/1/home/heh15/workingspace/Arp240/NGC5257/ratio/image/33GHz/NGC5257_33GHz_smooth_regrid.image/",inpmask="/1/home/heh15/workingspace/Arp240/NGC5257/ratio/region/south_SFR_co32.crtf",output="/1/home/heh15/workingspace/Arp240/NGC5257/ratio/mask/south_SFR_co32.mask",overwrite=False,
2019-04-02 01:49:50	INFO	makemask::::+	        inpfreqs=[],outfreqs=[])
2019-04-02 01:49:51	INFO	makemask::ImageFactory::createImage	Created Paged image '__tmp_outputmask' of shape [320, 320, 1, 1] with float valued pixels.
2019-04-02 01:49:51	INFO	makemask::ImageFactory::createImage	Created Paged image '__tmp_fromAllRgn' of shape [320, 320, 1, 1] with float valued pixels.
2019-04-02 01:49:52	INFO	makemask::AsciiRegionFileParser::_parse	Combined 1 image regions (which excludes any annotation regions)
2019-04-02 01:49:52	INFO	makemask::AsciiRegionFileParser::_parse	The specified region will select all pixels that are included in the region. Full pixels will be included even when they are only partially covered by the region(s).
2019-04-02 01:49:52	INFO	makemask::::	Converted 1 regions from 1 region files to image mask
2019-04-02 01:49:52	INFO	ImageMaskAttacher::makeMask	Created and initialized mask `mask0'
2019-04-02 01:49:53	INFO	SubImageFactory::createImage	Creating image '__tmp_regrid_allrgnmask' of shape [320, 320, 1, 1]
2019-04-02 01:49:53	INFO		deleted table /1/home/heh15/workingspace/Arp240/NGC5257/ratio/script/casa/makemask/temp/_tmp_copy___tmp_fromAllRgn
2019-04-02 01:49:54	INFO	makemask::::	Added mask based on regions to output mask
2019-04-02 01:49:54	INFO	ImageFactory::_rename	Successfully renamed file /1/home/heh15/workingspace/Arp240/NGC5257/ratio/script/casa/makemask/temp/__tmp_outputmask to /1/home/heh15/workingspace/Arp240/NGC5257/ratio/mask/south_SFR_co32.mask
2019-04-02 01:49:54	INFO	makemask::::	Merged masks from:
2019-04-02 01:49:54	INFO	makemask::::	region txt file(s): ['/1/home/heh15/workingspace/Arp240/NGC5257/ratio/region/south_SFR_co32.crtf']
2019-04-02 01:49:54	INFO	makemask::::	to create an output mask: /1/home/heh15/workingspace/Arp240/NGC5257/ratio/mask/south_SFR_co32.mask 
2019-04-02 01:49:54	INFO	makemask::::	##### End Task: makemask             #####
2019-04-02 01:49:54	INFO	makemask::::+	##########################################
2019-04-02 01:49:54	INFO	immath::::	
2019-04-02 01:49:54	INFO	immath::::+	##########################################
2019-04-02 01:49:54	INFO	immath::::+	##### Begin Task: immath             #####
2019-04-02 01:49:54	INFO	immath::::	immath(imagename=['/1/home/heh15/workingspace/Arp240/NGC5257/ratio/mask/hinge_SFR_co32.mask', '/1/home/heh15/workingspace/Arp240/NGC5257/ratio/mask/center_SFR_co32.mask'],mode="evalexpr",outfile="temp.mask",expr="IM0+IM1",varnames="",
2019-04-02 01:49:54	INFO	immath::::+	        sigma="0.0mJy/beam",polithresh="",mask="",region="",box="",
2019-04-02 01:49:54	INFO	immath::::+	        chans="",stokes="",stretch=False,imagemd="")
2019-04-02 01:49:54	INFO	ImageExprCalculator::_imagecalc	Creating image `temp.mask' of shape [320, 320, 1, 1]
2019-04-02 01:49:55	INFO	immath::::	##### End Task: immath               #####
2019-04-02 01:49:55	INFO	immath::::+	##########################################
2019-04-02 01:49:55	INFO	ImageMaskHandler::_calcmask	Created mask `mask0'
2019-04-02 01:49:55	INFO	makemask::::	
2019-04-02 01:49:55	INFO	makemask::::+	##########################################
2019-04-02 01:49:55	INFO	makemask::::+	##### Begin Task: makemask           #####
2019-04-02 01:49:55	INFO	makemask::::	makemask(mode="copy",inpimage="temp.mask",inpmask="temp.mask:mask0",output="temp1.mask",overwrite=False,
2019-04-02 01:49:55	INFO	makemask::::+	        inpfreqs=[],outfreqs=[])
2019-04-02 01:49:55	INFO	makemask::ImageFactory::createImage	Created Paged image '__tmp_outputmask' of shape [320, 320, 1, 1] with float valued pixels.
2019-04-02 01:49:56	INFO	makemask::::	Summing all T/F mask in inpmask and normalized to 1 for mask
2019-04-02 01:49:56	INFO	ImageMaskAttacher::makeMask	Created and initialized mask `mask0'
2019-04-02 01:49:57	INFO	SubImageFactory::createImage	Creating image '__tmp_fromTFmask' of shape [320, 320, 1, 1]
2019-04-02 01:49:57	INFO		deleted table /1/home/heh15/workingspace/Arp240/NGC5257/ratio/script/casa/makemask/temp/_tmp_copy___tmp_frominmask
2019-04-02 01:49:59	INFO	ImageFactory::_rename	Successfully renamed file /1/home/heh15/workingspace/Arp240/NGC5257/ratio/script/casa/makemask/temp/__tmp_outputmask to temp1.mask
2019-04-02 01:49:59	INFO	makemask::::	Merged masks from:
2019-04-02 01:49:59	INFO	makemask::::	internal mask(s): ['temp.mask:mask0']
2019-04-02 01:49:59	INFO	makemask::::	to create an output mask: temp1.mask 
2019-04-02 01:49:59	INFO	makemask::::	##### End Task: makemask             #####
2019-04-02 01:49:59	INFO	makemask::::+	##########################################
2019-04-02 01:49:59	INFO	rmtables::::	
2019-04-02 01:49:59	INFO	rmtables::::+	##########################################
2019-04-02 01:49:59	INFO	rmtables::::+	##### Begin Task: rmtables           #####
2019-04-02 01:49:59	INFO	rmtables::::	rmtables(tablenames="temp.mask")
2019-04-02 01:49:59	INFO	rmtables::::	Removing temp.mask
2019-04-02 01:49:59	INFO	rmtables::::	##### End Task: rmtables             #####
2019-04-02 01:49:59	INFO	rmtables::::+	##########################################
2019-04-02 01:49:59	INFO	immath::::	
2019-04-02 01:49:59	INFO	immath::::+	##########################################
2019-04-02 01:49:59	INFO	immath::::+	##### Begin Task: immath             #####
2019-04-02 01:49:59	INFO	immath::::	immath(imagename=['/1/home/heh15/workingspace/Arp240/NGC5257/ratio/mask/south_SFR_co32.mask', 'temp1.mask'],mode="evalexpr",outfile="temp.mask",expr="IM0+IM1",varnames="",
2019-04-02 01:49:59	INFO	immath::::+	        sigma="0.0mJy/beam",polithresh="",mask="",region="",box="",
2019-04-02 01:49:59	INFO	immath::::+	        chans="",stokes="",stretch=False,imagemd="")
2019-04-02 01:49:59	INFO	ImageExprCalculator::_imagecalc	Creating image `temp.mask' of shape [320, 320, 1, 1]
2019-04-02 01:50:00	INFO	immath::::	##### End Task: immath               #####
2019-04-02 01:50:00	INFO	immath::::+	##########################################
2019-04-02 01:50:00	INFO	ImageMaskHandler::_calcmask	Created mask `mask0'
2019-04-02 01:50:01	INFO	makemask::::	
2019-04-02 01:50:01	INFO	makemask::::+	##########################################
2019-04-02 01:50:01	INFO	makemask::::+	##### Begin Task: makemask           #####
2019-04-02 01:50:01	INFO	makemask::::	makemask(mode="copy",inpimage="temp.mask",inpmask="temp.mask:mask0",output="temp2.mask",overwrite=False,
2019-04-02 01:50:01	INFO	makemask::::+	        inpfreqs=[],outfreqs=[])
2019-04-02 01:50:01	INFO	makemask::ImageFactory::createImage	Created Paged image '__tmp_outputmask' of shape [320, 320, 1, 1] with float valued pixels.
2019-04-02 01:50:01	INFO	makemask::::	Summing all T/F mask in inpmask and normalized to 1 for mask
2019-04-02 01:50:02	INFO	ImageMaskAttacher::makeMask	Created and initialized mask `mask0'
2019-04-02 01:50:02	INFO	SubImageFactory::createImage	Creating image '__tmp_fromTFmask' of shape [320, 320, 1, 1]
2019-04-02 01:50:02	INFO		deleted table /1/home/heh15/workingspace/Arp240/NGC5257/ratio/script/casa/makemask/temp/_tmp_copy___tmp_frominmask
2019-04-02 01:50:04	INFO	ImageFactory::_rename	Successfully renamed file /1/home/heh15/workingspace/Arp240/NGC5257/ratio/script/casa/makemask/temp/__tmp_outputmask to temp2.mask
2019-04-02 01:50:05	INFO	makemask::::	Merged masks from:
2019-04-02 01:50:05	INFO	makemask::::	internal mask(s): ['temp.mask:mask0']
2019-04-02 01:50:05	INFO	makemask::::	to create an output mask: temp2.mask 
2019-04-02 01:50:05	INFO	makemask::::	##### End Task: makemask             #####
2019-04-02 01:50:05	INFO	makemask::::+	##########################################
2019-04-02 01:50:05	INFO	rmtables::::	
2019-04-02 01:50:05	INFO	rmtables::::+	##########################################
2019-04-02 01:50:05	INFO	rmtables::::+	##### Begin Task: rmtables           #####
2019-04-02 01:50:05	INFO	rmtables::::	rmtables(tablenames="temp.mask")
2019-04-02 01:50:05	INFO	rmtables::::	Removing temp.mask
2019-04-02 01:50:05	INFO	rmtables::::	##### End Task: rmtables             #####
2019-04-02 01:50:05	INFO	rmtables::::+	##########################################
2019-04-02 01:50:05	INFO	makemask::::	
2019-04-02 01:50:05	INFO	makemask::::+	##########################################
2019-04-02 01:50:05	INFO	makemask::::+	##### Begin Task: makemask           #####
2019-04-02 01:50:05	INFO	makemask::::	makemask(mode="copy",inpimage="/1/home/heh15/workingspace/Arp240/NGC5257/ratio/image/33GHz/NGC5257_33GHz_smooth_regrid.image/",inpmask="/1/home/heh15/workingspace/Arp240/NGC5257/ratio/region/whole.crtf",output="/1/home/heh15/workingspace/Arp240/NGC5257/ratio/mask/whole_SFR_co32.mask",overwrite=False,
2019-04-02 01:50:05	INFO	makemask::::+	        inpfreqs=[],outfreqs=[])
2019-04-02 01:50:05	SEVERE	makemask::::	An error occurred running task makemask.
2019-04-02 01:50:05	INFO	immath::::	
2019-04-02 01:50:05	INFO	immath::::+	##########################################
2019-04-02 01:50:05	INFO	immath::::+	##### Begin Task: immath             #####
2019-04-02 01:50:05	INFO	immath::::	immath(imagename=['/1/home/heh15/workingspace/Arp240/NGC5257/ratio/mask/whole_SFR_co32.mask', 'temp2.mask'],mode="evalexpr",outfile="temp.mask",expr="IM0-IM1",varnames="",
2019-04-02 01:50:05	INFO	immath::::+	        sigma="0.0mJy/beam",polithresh="",mask="",region="",box="",
2019-04-02 01:50:05	INFO	immath::::+	        chans="",stokes="",stretch=False,imagemd="")
2019-04-02 01:50:05	SEVERE	immath::::	Image data set not found - please verify /1/home/heh15/workingspace/Arp240/NGC5257/ratio/mask/whole_SFR_co32.mask
2019-04-02 01:50:05	SEVERE	immath::::	Unable to process expression IM0-IM1
2019-04-02 01:50:05	SEVERE	immath::::	Exception caught was: Image data set not found - please verify /1/home/heh15/workingspace/Arp240/NGC5257/ratio/mask/whole_SFR_co32.mask
2019-04-02 01:50:05	SEVERE	immath::::	An error occurred running task immath.
2019-04-02 01:50:05	SEVERE	image::open (file ../../tools/images/image_cmpt.cc, line 4044)	Exception Reported: Exception: File temp.mask does not exist..
2019-04-02 01:50:05	SEVERE	image::open (file ../../tools/images/image_cmpt.cc, line 4044)+	... thrown by static void casa::ImageFactory::_checkInfile(const casacore::String&) at File: ../../imageanalysis/ImageAnalysis/ImageFactory2.cc, line: 350
2019-04-02 01:52:28	INFO	viewer::::	
2019-04-02 01:52:28	INFO	viewer::::+	##########################################
2019-04-02 01:52:28	INFO	viewer::::+	##### Begin Task: viewer             #####
2019-04-02 01:52:28	INFO	viewer::::	viewer(infile="../image/33GHz/NGC5257_33GHz_smooth_regrid_co32.image/",displaytype="raster",channel=0,zoom=1,outfile="",
2019-04-02 01:52:28	INFO	viewer::::+	        outscale=1.0,outdpi=300,outformat="jpg",outlandscape=False,gui=True)
2019-04-02 01:52:28	INFO	viewer::::	##### End Task: viewer               #####
2019-04-02 01:52:28	INFO	viewer::::+	##########################################
2019-04-02 01:54:10	INFO	makemask::::	
2019-04-02 01:54:10	INFO	makemask::::+	##########################################
2019-04-02 01:54:10	INFO	makemask::::+	##### Begin Task: makemask           #####
2019-04-02 01:54:10	INFO	makemask::::	makemask(mode="copy",inpimage="/1/home/heh15/workingspace/Arp240/NGC5257/ratio/image/33GHz/NGC5257_33GHz_smooth_regrid.image/",inpmask="/1/home/heh15/workingspace/Arp240/NGC5257/ratio/region/hinge_SFR_co32.crtf",output="/1/home/heh15/workingspace/Arp240/NGC5257/ratio/mask/hinge_SFR_co32.mask",overwrite=False,
2019-04-02 01:54:10	INFO	makemask::::+	        inpfreqs=[],outfreqs=[])
2019-04-02 01:54:10	SEVERE	makemask::::	An error occurred running task makemask.
2019-04-02 01:54:10	INFO	makemask::::	
2019-04-02 01:54:10	INFO	makemask::::+	##########################################
2019-04-02 01:54:10	INFO	makemask::::+	##### Begin Task: makemask           #####
2019-04-02 01:54:10	INFO	makemask::::	makemask(mode="copy",inpimage="/1/home/heh15/workingspace/Arp240/NGC5257/ratio/image/33GHz/NGC5257_33GHz_smooth_regrid.image/",inpmask="/1/home/heh15/workingspace/Arp240/NGC5257/ratio/region/center_SFR_co32.crtf",output="/1/home/heh15/workingspace/Arp240/NGC5257/ratio/mask/center_SFR_co32.mask",overwrite=False,
2019-04-02 01:54:10	INFO	makemask::::+	        inpfreqs=[],outfreqs=[])
2019-04-02 01:54:10	SEVERE	makemask::::	An error occurred running task makemask.
2019-04-02 01:54:10	INFO	makemask::::	
2019-04-02 01:54:10	INFO	makemask::::+	##########################################
2019-04-02 01:54:10	INFO	makemask::::+	##### Begin Task: makemask           #####
2019-04-02 01:54:10	INFO	makemask::::	makemask(mode="copy",inpimage="/1/home/heh15/workingspace/Arp240/NGC5257/ratio/image/33GHz/NGC5257_33GHz_smooth_regrid.image/",inpmask="/1/home/heh15/workingspace/Arp240/NGC5257/ratio/region/south_SFR_co32.crtf",output="/1/home/heh15/workingspace/Arp240/NGC5257/ratio/mask/south_SFR_co32.mask",overwrite=False,
2019-04-02 01:54:10	INFO	makemask::::+	        inpfreqs=[],outfreqs=[])
2019-04-02 01:54:10	SEVERE	makemask::::	An error occurred running task makemask.
2019-04-02 01:54:10	INFO	immath::::	
2019-04-02 01:54:10	INFO	immath::::+	##########################################
2019-04-02 01:54:10	INFO	immath::::+	##### Begin Task: immath             #####
2019-04-02 01:54:10	INFO	immath::::	immath(imagename=['/1/home/heh15/workingspace/Arp240/NGC5257/ratio/mask/hinge_SFR_co32.mask', '/1/home/heh15/workingspace/Arp240/NGC5257/ratio/mask/center_SFR_co32.mask'],mode="evalexpr",outfile="temp.mask",expr="IM0+IM1",varnames="",
2019-04-02 01:54:10	INFO	immath::::+	        sigma="0.0mJy/beam",polithresh="",mask="",region="",box="",
2019-04-02 01:54:10	INFO	immath::::+	        chans="",stokes="",stretch=False,imagemd="")
2019-04-02 01:54:10	INFO	ImageExprCalculator::_imagecalc	Creating image `temp.mask' of shape [320, 320, 1, 1]
2019-04-02 01:54:11	INFO	immath::::	##### End Task: immath               #####
2019-04-02 01:54:11	INFO	immath::::+	##########################################
2019-04-02 01:54:11	INFO	ImageMaskHandler::_calcmask	Created mask `mask0'
2019-04-02 01:54:12	INFO	makemask::::	
2019-04-02 01:54:12	INFO	makemask::::+	##########################################
2019-04-02 01:54:12	INFO	makemask::::+	##### Begin Task: makemask           #####
2019-04-02 01:54:12	INFO	makemask::::	makemask(mode="copy",inpimage="temp.mask",inpmask="temp.mask:mask0",output="temp1.mask",overwrite=False,
2019-04-02 01:54:12	INFO	makemask::::+	        inpfreqs=[],outfreqs=[])
2019-04-02 01:54:12	INFO	makemask::ImageFactory::createImage	Created Paged image '__tmp_outputmask' of shape [320, 320, 1, 1] with float valued pixels.
2019-04-02 01:54:12	INFO	makemask::::	Summing all T/F mask in inpmask and normalized to 1 for mask
2019-04-02 01:54:13	INFO	ImageMaskAttacher::makeMask	Created and initialized mask `mask0'
2019-04-02 01:54:13	INFO	SubImageFactory::createImage	Creating image '__tmp_fromTFmask' of shape [320, 320, 1, 1]
2019-04-02 01:54:14	INFO		deleted table /1/home/heh15/workingspace/Arp240/NGC5257/ratio/script/casa/makemask/temp/_tmp_copy___tmp_frominmask
2019-04-02 01:54:15	INFO	ImageFactory::_rename	Successfully renamed file /1/home/heh15/workingspace/Arp240/NGC5257/ratio/script/casa/makemask/temp/__tmp_outputmask to temp1.mask
2019-04-02 01:54:16	INFO	makemask::::	Merged masks from:
2019-04-02 01:54:16	INFO	makemask::::	internal mask(s): ['temp.mask:mask0']
2019-04-02 01:54:16	INFO	makemask::::	to create an output mask: temp1.mask 
2019-04-02 01:54:16	INFO	makemask::::	##### End Task: makemask             #####
2019-04-02 01:54:16	INFO	makemask::::+	##########################################
2019-04-02 01:54:16	INFO	rmtables::::	
2019-04-02 01:54:16	INFO	rmtables::::+	##########################################
2019-04-02 01:54:16	INFO	rmtables::::+	##### Begin Task: rmtables           #####
2019-04-02 01:54:16	INFO	rmtables::::	rmtables(tablenames="temp.mask")
2019-04-02 01:54:16	INFO	rmtables::::	Removing temp.mask
2019-04-02 01:54:16	INFO	rmtables::::	##### End Task: rmtables             #####
2019-04-02 01:54:16	INFO	rmtables::::+	##########################################
2019-04-02 01:54:16	INFO	immath::::	
2019-04-02 01:54:16	INFO	immath::::+	##########################################
2019-04-02 01:54:16	INFO	immath::::+	##### Begin Task: immath             #####
2019-04-02 01:54:16	INFO	immath::::	immath(imagename=['/1/home/heh15/workingspace/Arp240/NGC5257/ratio/mask/south_SFR_co32.mask', 'temp1.mask'],mode="evalexpr",outfile="temp.mask",expr="IM0+IM1",varnames="",
2019-04-02 01:54:16	INFO	immath::::+	        sigma="0.0mJy/beam",polithresh="",mask="",region="",box="",
2019-04-02 01:54:16	INFO	immath::::+	        chans="",stokes="",stretch=False,imagemd="")
2019-04-02 01:54:16	INFO	ImageExprCalculator::_imagecalc	Creating image `temp.mask' of shape [320, 320, 1, 1]
2019-04-02 01:54:16	INFO	immath::::	##### End Task: immath               #####
2019-04-02 01:54:16	INFO	immath::::+	##########################################
2019-04-02 01:54:16	INFO	ImageMaskHandler::_calcmask	Created mask `mask0'
2019-04-02 01:54:17	INFO	makemask::::	
2019-04-02 01:54:17	INFO	makemask::::+	##########################################
2019-04-02 01:54:17	INFO	makemask::::+	##### Begin Task: makemask           #####
2019-04-02 01:54:17	INFO	makemask::::	makemask(mode="copy",inpimage="temp.mask",inpmask="temp.mask:mask0",output="temp2.mask",overwrite=False,
2019-04-02 01:54:17	INFO	makemask::::+	        inpfreqs=[],outfreqs=[])
2019-04-02 01:54:17	INFO	makemask::ImageFactory::createImage	Created Paged image '__tmp_outputmask' of shape [320, 320, 1, 1] with float valued pixels.
2019-04-02 01:54:18	INFO	makemask::::	Summing all T/F mask in inpmask and normalized to 1 for mask
2019-04-02 01:54:19	INFO	ImageMaskAttacher::makeMask	Created and initialized mask `mask0'
2019-04-02 01:54:19	INFO	SubImageFactory::createImage	Creating image '__tmp_fromTFmask' of shape [320, 320, 1, 1]
2019-04-02 01:54:19	INFO		deleted table /1/home/heh15/workingspace/Arp240/NGC5257/ratio/script/casa/makemask/temp/_tmp_copy___tmp_frominmask
2019-04-02 01:54:21	INFO	ImageFactory::_rename	Successfully renamed file /1/home/heh15/workingspace/Arp240/NGC5257/ratio/script/casa/makemask/temp/__tmp_outputmask to temp2.mask
2019-04-02 01:54:21	INFO	makemask::::	Merged masks from:
2019-04-02 01:54:21	INFO	makemask::::	internal mask(s): ['temp.mask:mask0']
2019-04-02 01:54:21	INFO	makemask::::	to create an output mask: temp2.mask 
2019-04-02 01:54:21	INFO	makemask::::	##### End Task: makemask             #####
2019-04-02 01:54:21	INFO	makemask::::+	##########################################
2019-04-02 01:54:21	INFO	rmtables::::	
2019-04-02 01:54:21	INFO	rmtables::::+	##########################################
2019-04-02 01:54:21	INFO	rmtables::::+	##### Begin Task: rmtables           #####
2019-04-02 01:54:21	INFO	rmtables::::	rmtables(tablenames="temp.mask")
2019-04-02 01:54:21	INFO	rmtables::::	Removing temp.mask
2019-04-02 01:54:21	INFO	rmtables::::	##### End Task: rmtables             #####
2019-04-02 01:54:21	INFO	rmtables::::+	##########################################
2019-04-02 01:54:21	INFO	makemask::::	
2019-04-02 01:54:21	INFO	makemask::::+	##########################################
2019-04-02 01:54:21	INFO	makemask::::+	##### Begin Task: makemask           #####
2019-04-02 01:54:21	INFO	makemask::::	makemask(mode="copy",inpimage="/1/home/heh15/workingspace/Arp240/NGC5257/ratio/image/33GHz/NGC5257_33GHz_smooth_regrid.image/",inpmask="/1/home/heh15/workingspace/Arp240/NGC5257/ratio/region/whole.crtf",output="/1/home/heh15/workingspace/Arp240/NGC5257/ratio/mask/whole_SFR_co32.mask",overwrite=False,
2019-04-02 01:54:21	INFO	makemask::::+	        inpfreqs=[],outfreqs=[])
2019-04-02 01:54:22	INFO	makemask::ImageFactory::createImage	Created Paged image '__tmp_outputmask' of shape [320, 320, 1, 1] with float valued pixels.
2019-04-02 01:54:22	INFO	makemask::ImageFactory::createImage	Created Paged image '__tmp_fromAllRgn' of shape [320, 320, 1, 1] with float valued pixels.
2019-04-02 01:54:22	INFO	makemask::AsciiRegionFileParser::_parse	Combined 1 image regions (which excludes any annotation regions)
2019-04-02 01:54:22	INFO	makemask::AsciiRegionFileParser::_parse	The specified region will select all pixels that are included in the region. Full pixels will be included even when they are only partially covered by the region(s).
2019-04-02 01:54:23	INFO	makemask::::	Converted 1 regions from 1 region files to image mask
2019-04-02 01:54:23	INFO	ImageMaskAttacher::makeMask	Created and initialized mask `mask0'
2019-04-02 01:54:23	INFO	SubImageFactory::createImage	Creating image '__tmp_regrid_allrgnmask' of shape [320, 320, 1, 1]
2019-04-02 01:54:24	INFO		deleted table /1/home/heh15/workingspace/Arp240/NGC5257/ratio/script/casa/makemask/temp/_tmp_copy___tmp_fromAllRgn
2019-04-02 01:54:24	INFO	makemask::::	Added mask based on regions to output mask
2019-04-02 01:54:24	INFO	ImageFactory::_rename	Successfully renamed file /1/home/heh15/workingspace/Arp240/NGC5257/ratio/script/casa/makemask/temp/__tmp_outputmask to /1/home/heh15/workingspace/Arp240/NGC5257/ratio/mask/whole_SFR_co32.mask
2019-04-02 01:54:25	INFO	makemask::::	Merged masks from:
2019-04-02 01:54:25	INFO	makemask::::	region txt file(s): ['/1/home/heh15/workingspace/Arp240/NGC5257/ratio/region/whole.crtf']
2019-04-02 01:54:25	INFO	makemask::::	to create an output mask: /1/home/heh15/workingspace/Arp240/NGC5257/ratio/mask/whole_SFR_co32.mask 
2019-04-02 01:54:25	INFO	makemask::::	##### End Task: makemask             #####
2019-04-02 01:54:25	INFO	makemask::::+	##########################################
2019-04-02 01:54:25	INFO	immath::::	
2019-04-02 01:54:25	INFO	immath::::+	##########################################
2019-04-02 01:54:25	INFO	immath::::+	##### Begin Task: immath             #####
2019-04-02 01:54:25	INFO	immath::::	immath(imagename=['/1/home/heh15/workingspace/Arp240/NGC5257/ratio/mask/whole_SFR_co32.mask', 'temp2.mask'],mode="evalexpr",outfile="temp.mask",expr="IM0-IM1",varnames="",
2019-04-02 01:54:25	INFO	immath::::+	        sigma="0.0mJy/beam",polithresh="",mask="",region="",box="",
2019-04-02 01:54:25	INFO	immath::::+	        chans="",stokes="",stretch=False,imagemd="")
2019-04-02 01:54:25	INFO	ImageExprCalculator::_imagecalc	Creating image `temp.mask' of shape [320, 320, 1, 1]
2019-04-02 01:54:25	INFO	immath::::	##### End Task: immath               #####
2019-04-02 01:54:25	INFO	immath::::+	##########################################
2019-04-02 01:54:26	INFO	ImageMaskHandler::_calcmask	Created mask `mask0'
2019-04-02 01:54:26	INFO	makemask::::	
2019-04-02 01:54:26	INFO	makemask::::+	##########################################
2019-04-02 01:54:26	INFO	makemask::::+	##### Begin Task: makemask           #####
2019-04-02 01:54:26	INFO	makemask::::	makemask(mode="copy",inpimage="temp.mask",inpmask="temp.mask:mask0",output="/1/home/heh15/workingspace/Arp240/NGC5257/ratio/mask/rest_SFR_co32.mask",overwrite=False,
2019-04-02 01:54:26	INFO	makemask::::+	        inpfreqs=[],outfreqs=[])
2019-04-02 01:54:26	INFO	makemask::ImageFactory::createImage	Created Paged image '__tmp_outputmask' of shape [320, 320, 1, 1] with float valued pixels.
2019-04-02 01:54:26	INFO	makemask::::	Summing all T/F mask in inpmask and normalized to 1 for mask
2019-04-02 01:54:27	INFO	ImageMaskAttacher::makeMask	Created and initialized mask `mask0'
2019-04-02 01:54:27	INFO	SubImageFactory::createImage	Creating image '__tmp_fromTFmask' of shape [320, 320, 1, 1]
2019-04-02 01:54:28	INFO		deleted table /1/home/heh15/workingspace/Arp240/NGC5257/ratio/script/casa/makemask/temp/_tmp_copy___tmp_frominmask
2019-04-02 01:54:29	INFO	ImageFactory::_rename	Successfully renamed file /1/home/heh15/workingspace/Arp240/NGC5257/ratio/script/casa/makemask/temp/__tmp_outputmask to /1/home/heh15/workingspace/Arp240/NGC5257/ratio/mask/rest_SFR_co32.mask
2019-04-02 01:54:30	INFO	makemask::::	Merged masks from:
2019-04-02 01:54:30	INFO	makemask::::	internal mask(s): ['temp.mask:mask0']
2019-04-02 01:54:30	INFO	makemask::::	to create an output mask: /1/home/heh15/workingspace/Arp240/NGC5257/ratio/mask/rest_SFR_co32.mask 
2019-04-02 01:54:30	INFO	makemask::::	##### End Task: makemask             #####
2019-04-02 01:54:30	INFO	makemask::::+	##########################################
2019-04-02 01:54:30	INFO	rmtables::::	
2019-04-02 01:54:30	INFO	rmtables::::+	##########################################
2019-04-02 01:54:30	INFO	rmtables::::+	##### Begin Task: rmtables           #####
2019-04-02 01:54:30	INFO	rmtables::::	rmtables(tablenames="temp.mask")
2019-04-02 01:54:30	INFO	rmtables::::	Removing temp.mask
2019-04-02 01:54:30	INFO	rmtables::::	##### End Task: rmtables             #####
2019-04-02 01:54:30	INFO	rmtables::::+	##########################################
