
2019-04-02 01:48:20	INFO	::casa	
2019-04-02 01:48:20	INFO	::casa	CASA Version 5.4.0-68  
2019-04-02 01:49:43	INFO	makemask::::	
2019-04-02 01:49:43	INFO	makemask::::+	##########################################
2019-04-02 01:49:43	INFO	makemask::::+	##### Begin Task: makemask           #####
2019-04-02 01:49:43	INFO	makemask::::	makemask(mode="copy",inpimage="/1/home/heh15/workingspace/Arp240/NGC5257/ratio/image/33GHz/NGC5257_33GHz_smooth_regrid.image/",inpmask="/1/home/heh15/workingspace/Arp240/NGC5257/ratio/region/hinge_SFR_co32.crtf",output="/1/home/heh15/workingspace/Arp240/NGC5257/ratio/mask/hinge_SFR_co32.mask",overwrite=False,
2019-04-02 01:49:43	INFO	makemask::::+	        inpfreqs=[],outfreqs=[])
2019-04-02 01:49:43	INFO	makemask::ImageFactory::createImage	Created Paged image '__tmp_outputmask' of shape [320, 320, 1, 1] with float valued pixels.
2019-04-02 01:49:44	INFO	makemask::ImageFactory::createImage	Created Paged image '__tmp_fromAllRgn' of shape [320, 320, 1, 1] with float valued pixels.
2019-04-02 01:49:44	INFO	makemask::AsciiRegionFileParser::_parse	Combined 1 image regions (which excludes any annotation regions)
2019-04-02 01:49:44	INFO	makemask::AsciiRegionFileParser::_parse	The specified region will select all pixels that are included in the region. Full pixels will be included even when they are only partially covered by the region(s).
2019-04-02 01:49:44	INFO	makemask::::	Converted 1 regions from 1 region files to image mask
2019-04-02 01:49:45	INFO	ImageMaskAttacher::makeMask	Created and initialized mask `mask0'
2019-04-02 01:49:45	INFO	SubImageFactory::createImage	Creating image '__tmp_regrid_allrgnmask' of shape [320, 320, 1, 1]
2019-04-02 01:49:45	INFO		deleted table /1/home/heh15/workingspace/Arp240/NGC5257/ratio/script/casa/makemask/temp/_tmp_copy___tmp_fromAllRgn
2019-04-02 01:49:46	INFO	makemask::::	Added mask based on regions to output mask
2019-04-02 01:49:46	INFO	ImageFactory::_rename	Successfully renamed file /1/home/heh15/workingspace/Arp240/NGC5257/ratio/script/casa/makemask/temp/__tmp_outputmask to /1/home/heh15/workingspace/Arp240/NGC5257/ratio/mask/hinge_SFR_co32.mask
2019-04-02 01:49:46	INFO	makemask::::	Merged masks from:
2019-04-02 01:49:46	INFO	makemask::::	region txt file(s): ['/1/home/heh15/workingspace/Arp240/NGC5257/ratio/region/hinge_SFR_co32.crtf']
2019-04-02 01:49:46	INFO	makemask::::	to create an output mask: /1/home/heh15/workingspace/Arp240/NGC5257/ratio/mask/hinge_SFR_co32.mask 
2019-04-02 01:49:46	INFO	makemask::::	##### End Task: makemask             #####
2019-04-02 01:49:46	INFO	makemask::::+	##########################################
2019-04-02 01:49:46	INFO	makemask::::	
2019-04-02 01:49:46	INFO	makemask::::+	##########################################
2019-04-02 01:49:46	INFO	makemask::::+	##### Begin Task: makemask           #####
2019-04-02 01:49:46	INFO	makemask::::	makemask(mode="copy",inpimage="/1/home/heh15/workingspace/Arp240/NGC5257/ratio/image/33GHz/NGC5257_33GHz_smooth_regrid.image/",inpmask="/1/home/heh15/workingspace/Arp240/NGC5257/ratio/region/center_SFR_co32.crtf",output="/1/home/heh15/workingspace/Arp240/NGC5257/ratio/mask/center_SFR_co32.mask",overwrite=False,
2019-04-02 01:49:46	INFO	makemask::::+	        inpfreqs=[],outfreqs=[])
2019-04-02 01:49:47	INFO	makemask::ImageFactory::createImage	Created Paged image '__tmp_outputmask' of shape [320, 320, 1, 1] with float valued pixels.
2019-04-02 01:49:48	INFO	makemask::ImageFactory::createImage	Created Paged image '__tmp_fromAllRgn' of shape [320, 320, 1, 1] with float valued pixels.
2019-04-02 01:49:48	INFO	makemask::AsciiRegionFileParser::_parse	Combined 1 image regions (which excludes any annotation regions)
2019-04-02 01:49:48	INFO	makemask::AsciiRegionFileParser::_parse	The specified region will select all pixels that are included in the region. Full pixels will be included even when they are only partially covered by the region(s).
2019-04-02 01:49:49	INFO	makemask::::	Converted 1 regions from 1 region files to image mask
2019-04-02 01:49:49	INFO	ImageMaskAttacher::makeMask	Created and initialized mask `mask0'
2019-04-02 01:49:49	INFO	SubImageFactory::createImage	Creating image '__tmp_regrid_allrgnmask' of shape [320, 320, 1, 1]
2019-04-02 01:49:49	INFO		deleted table /1/home/heh15/workingspace/Arp240/NGC5257/ratio/script/casa/makemask/temp/_tmp_copy___tmp_fromAllRgn
2019-04-02 01:49:50	INFO	makemask::::	Added mask based on regions to output mask
2019-04-02 01:49:50	INFO	ImageFactory::_rename	Successfully renamed file /1/home/heh15/workingspace/Arp240/NGC5257/ratio/script/casa/makemask/temp/__tmp_outputmask to /1/home/heh15/workingspace/Arp240/NGC5257/ratio/mask/center_SFR_co32.mask
2019-04-02 01:49:50	INFO	makemask::::	Merged masks from:
2019-04-02 01:49:50	INFO	makemask::::	region txt file(s): ['/1/home/heh15/workingspace/Arp240/NGC5257/ratio/region/center_SFR_co32.crtf']
2019-04-02 01:49:50	INFO	makemask::::	to create an output mask: /1/home/heh15/workingspace/Arp240/NGC5257/ratio/mask/center_SFR_co32.mask 
2019-04-02 01:49:50	INFO	makemask::::	##### End Task: makemask             #####
2019-04-02 01:49:50	INFO	makemask::::+	##########################################
2019-04-02 01:49:50	INFO	makemask::::	
2019-04-02 01:49:50	INFO	makemask::::+	##########################################
2019-04-02 01:49:50	INFO	makemask::::+	##### Begin Task: makemask           #####
2019-04-02 01:49:50	INFO	makemask::::	makemask(mode="copy",inpimage="/1/home/heh15/workingspace/Arp240/NGC5257/ratio/image/33GHz/NGC5257_33GHz_smooth_regrid.image/",inpmask="/1/home/heh15/workingspace/Arp240/NGC5257/ratio/region/south_SFR_co32.crtf",output="/1/home/heh15/workingspace/Arp240/NGC5257/ratio/mask/south_SFR_co32.mask",overwrite=False,
2019-04-02 01:49:50	INFO	makemask::::+	        inpfreqs=[],outfreqs=[])
2019-04-02 01:49:51	INFO	makemask::ImageFactory::createImage	Created Paged image '__tmp_outputmask' of shape [320, 320, 1, 1] with float valued pixels.
2019-04-02 01:49:51	INFO	makemask::ImageFactory::createImage	Created Paged image '__tmp_fromAllRgn' of shape [320, 320, 1, 1] with float valued pixels.
2019-04-02 01:49:52	INFO	makemask::AsciiRegionFileParser::_parse	Combined 1 image regions (which excludes any annotation regions)
2019-04-02 01:49:52	INFO	makemask::AsciiRegionFileParser::_parse	The specified region will select all pixels that are included in the region. Full pixels will be included even when they are only partially covered by the region(s).
2019-04-02 01:49:52	INFO	makemask::::	Converted 1 regions from 1 region files to image mask
2019-04-02 01:49:52	INFO	ImageMaskAttacher::makeMask	Created and initialized mask `mask0'
2019-04-02 01:49:53	INFO	SubImageFactory::createImage	Creating image '__tmp_regrid_allrgnmask' of shape [320, 320, 1, 1]
2019-04-02 01:49:53	INFO		deleted table /1/home/heh15/workingspace/Arp240/NGC5257/ratio/script/casa/makemask/temp/_tmp_copy___tmp_fromAllRgn
2019-04-02 01:49:54	INFO	makemask::::	Added mask based on regions to output mask
2019-04-02 01:49:54	INFO	ImageFactory::_rename	Successfully renamed file /1/home/heh15/workingspace/Arp240/NGC5257/ratio/script/casa/makemask/temp/__tmp_outputmask to /1/home/heh15/workingspace/Arp240/NGC5257/ratio/mask/south_SFR_co32.mask
2019-04-02 01:49:54	INFO	makemask::::	Merged masks from:
2019-04-02 01:49:54	INFO	makemask::::	region txt file(s): ['/1/home/heh15/workingspace/Arp240/NGC5257/ratio/region/south_SFR_co32.crtf']
2019-04-02 01:49:54	INFO	makemask::::	to create an output mask: /1/home/heh15/workingspace/Arp240/NGC5257/ratio/mask/south_SFR_co32.mask 
2019-04-02 01:49:54	INFO	makemask::::	##### End Task: makemask             #####
2019-04-02 01:49:54	INFO	makemask::::+	##########################################
2019-04-02 01:49:54	INFO	immath::::	
2019-04-02 01:49:54	INFO	immath::::+	##########################################
2019-04-02 01:49:54	INFO	immath::::+	##### Begin Task: immath             #####
2019-04-02 01:49:54	INFO	immath::::	immath(imagename=['/1/home/heh15/workingspace/Arp240/NGC5257/ratio/mask/hinge_SFR_co32.mask', '/1/home/heh15/workingspace/Arp240/NGC5257/ratio/mask/center_SFR_co32.mask'],mode="evalexpr",outfile="temp.mask",expr="IM0+IM1",varnames="",
2019-04-02 01:49:54	INFO	immath::::+	        sigma="0.0mJy/beam",polithresh="",mask="",region="",box="",
2019-04-02 01:49:54	INFO	immath::::+	        chans="",stokes="",stretch=False,imagemd="")
2019-04-02 01:49:54	INFO	ImageExprCalculator::_imagecalc	Creating image `temp.mask' of shape [320, 320, 1, 1]
2019-04-02 01:49:55	INFO	immath::::	##### End Task: immath               #####
2019-04-02 01:49:55	INFO	immath::::+	##########################################
2019-04-02 01:49:55	INFO	ImageMaskHandler::_calcmask	Created mask `mask0'
2019-04-02 01:49:55	INFO	makemask::::	
2019-04-02 01:49:55	INFO	makemask::::+	##########################################
2019-04-02 01:49:55	INFO	makemask::::+	##### Begin Task: makemask           #####
2019-04-02 01:49:55	INFO	makemask::::	makemask(mode="copy",inpimage="temp.mask",inpmask="temp.mask:mask0",output="temp1.mask",overwrite=False,
2019-04-02 01:49:55	INFO	makemask::::+	        inpfreqs=[],outfreqs=[])
2019-04-02 01:49:55	INFO	makemask::ImageFactory::createImage	Created Paged image '__tmp_outputmask' of shape [320, 320, 1, 1] with float valued pixels.
2019-04-02 01:49:56	INFO	makemask::::	Summing all T/F mask in inpmask and normalized to 1 for mask
2019-04-02 01:49:56	INFO	ImageMaskAttacher::makeMask	Created and initialized mask `mask0'
2019-04-02 01:49:57	INFO	SubImageFactory::createImage	Creating image '__tmp_fromTFmask' of shape [320, 320, 1, 1]
2019-04-02 01:49:57	INFO		deleted table /1/home/heh15/workingspace/Arp240/NGC5257/ratio/script/casa/makemask/temp/_tmp_copy___tmp_frominmask
2019-04-02 01:49:59	INFO	ImageFactory::_rename	Successfully renamed file /1/home/heh15/workingspace/Arp240/NGC5257/ratio/script/casa/makemask/temp/__tmp_outputmask to temp1.mask
2019-04-02 01:49:59	INFO	makemask::::	Merged masks from:
2019-04-02 01:49:59	INFO	makemask::::	internal mask(s): ['temp.mask:mask0']
2019-04-02 01:49:59	INFO	makemask::::	to create an output mask: temp1.mask 
2019-04-02 01:49:59	INFO	makemask::::	##### End Task: makemask             #####
2019-04-02 01:49:59	INFO	makemask::::+	##########################################
2019-04-02 01:49:59	INFO	rmtables::::	
2019-04-02 01:49:59	INFO	rmtables::::+	##########################################
2019-04-02 01:49:59	INFO	rmtables::::+	##### Begin Task: rmtables           #####
2019-04-02 01:49:59	INFO	rmtables::::	rmtables(tablenames="temp.mask")
2019-04-02 01:49:59	INFO	rmtables::::	Removing temp.mask
2019-04-02 01:49:59	INFO	rmtables::::	##### End Task: rmtables             #####
2019-04-02 01:49:59	INFO	rmtables::::+	##########################################
2019-04-02 01:49:59	INFO	immath::::	
2019-04-02 01:49:59	INFO	immath::::+	##########################################
2019-04-02 01:49:59	INFO	immath::::+	##### Begin Task: immath             #####
2019-04-02 01:49:59	INFO	immath::::	immath(imagename=['/1/home/heh15/workingspace/Arp240/NGC5257/ratio/mask/south_SFR_co32.mask', 'temp1.mask'],mode="evalexpr",outfile="temp.mask",expr="IM0+IM1",varnames="",
2019-04-02 01:49:59	INFO	immath::::+	        sigma="0.0mJy/beam",polithresh="",mask="",region="",box="",
2019-04-02 01:49:59	INFO	immath::::+	        chans="",stokes="",stretch=False,imagemd="")
2019-04-02 01:49:59	INFO	ImageExprCalculator::_imagecalc	Creating image `temp.mask' of shape [320, 320, 1, 1]
2019-04-02 01:50:00	INFO	immath::::	##### End Task: immath               #####
2019-04-02 01:50:00	INFO	immath::::+	##########################################
2019-04-02 01:50:00	INFO	ImageMaskHandler::_calcmask	Created mask `mask0'
2019-04-02 01:50:01	INFO	makemask::::	
2019-04-02 01:50:01	INFO	makemask::::+	##########################################
2019-04-02 01:50:01	INFO	makemask::::+	##### Begin Task: makemask           #####
2019-04-02 01:50:01	INFO	makemask::::	makemask(mode="copy",inpimage="temp.mask",inpmask="temp.mask:mask0",output="temp2.mask",overwrite=False,
2019-04-02 01:50:01	INFO	makemask::::+	        inpfreqs=[],outfreqs=[])
2019-04-02 01:50:01	INFO	makemask::ImageFactory::createImage	Created Paged image '__tmp_outputmask' of shape [320, 320, 1, 1] with float valued pixels.
2019-04-02 01:50:01	INFO	makemask::::	Summing all T/F mask in inpmask and normalized to 1 for mask
2019-04-02 01:50:02	INFO	ImageMaskAttacher::makeMask	Created and initialized mask `mask0'
2019-04-02 01:50:02	INFO	SubImageFactory::createImage	Creating image '__tmp_fromTFmask' of shape [320, 320, 1, 1]
2019-04-02 01:50:02	INFO		deleted table /1/home/heh15/workingspace/Arp240/NGC5257/ratio/script/casa/makemask/temp/_tmp_copy___tmp_frominmask
2019-04-02 01:50:04	INFO	ImageFactory::_rename	Successfully renamed file /1/home/heh15/workingspace/Arp240/NGC5257/ratio/script/casa/makemask/temp/__tmp_outputmask to temp2.mask
2019-04-02 01:50:05	INFO	makemask::::	Merged masks from:
2019-04-02 01:50:05	INFO	makemask::::	internal mask(s): ['temp.mask:mask0']
2019-04-02 01:50:05	INFO	makemask::::	to create an output mask: temp2.mask 
2019-04-02 01:50:05	INFO	makemask::::	##### End Task: makemask             #####
2019-04-02 01:50:05	INFO	makemask::::+	##########################################
2019-04-02 01:50:05	INFO	rmtables::::	
2019-04-02 01:50:05	INFO	rmtables::::+	##########################################
2019-04-02 01:50:05	INFO	rmtables::::+	##### Begin Task: rmtables           #####
2019-04-02 01:50:05	INFO	rmtables::::	rmtables(tablenames="temp.mask")
2019-04-02 01:50:05	INFO	rmtables::::	Removing temp.mask
2019-04-02 01:50:05	INFO	rmtables::::	##### End Task: rmtables             #####
2019-04-02 01:50:05	INFO	rmtables::::+	##########################################
2019-04-02 01:50:05	INFO	makemask::::	
2019-04-02 01:50:05	INFO	makemask::::+	##########################################
2019-04-02 01:50:05	INFO	makemask::::+	##### Begin Task: makemask           #####
2019-04-02 01:50:05	INFO	makemask::::	makemask(mode="copy",inpimage="/1/home/heh15/workingspace/Arp240/NGC5257/ratio/image/33GHz/NGC5257_33GHz_smooth_regrid.image/",inpmask="/1/home/heh15/workingspace/Arp240/NGC5257/ratio/region/whole.crtf",output="/1/home/heh15/workingspace/Arp240/NGC5257/ratio/mask/whole_SFR_co32.mask",overwrite=False,
2019-04-02 01:50:05	INFO	makemask::::+	        inpfreqs=[],outfreqs=[])
2019-04-02 01:50:05	SEVERE	makemask::::	An error occurred running task makemask.
2019-04-02 01:50:05	INFO	immath::::	
2019-04-02 01:50:05	INFO	immath::::+	##########################################
2019-04-02 01:50:05	INFO	immath::::+	##### Begin Task: immath             #####
2019-04-02 01:50:05	INFO	immath::::	immath(imagename=['/1/home/heh15/workingspace/Arp240/NGC5257/ratio/mask/whole_SFR_co32.mask', 'temp2.mask'],mode="evalexpr",outfile="temp.mask",expr="IM0-IM1",varnames="",
2019-04-02 01:50:05	INFO	immath::::+	        sigma="0.0mJy/beam",polithresh="",mask="",region="",box="",
2019-04-02 01:50:05	INFO	immath::::+	        chans="",stokes="",stretch=False,imagemd="")
2019-04-02 01:50:05	SEVERE	immath::::	Image data set not found - please verify /1/home/heh15/workingspace/Arp240/NGC5257/ratio/mask/whole_SFR_co32.mask
2019-04-02 01:50:05	SEVERE	immath::::	Unable to process expression IM0-IM1
2019-04-02 01:50:05	SEVERE	immath::::	Exception caught was: Image data set not found - please verify /1/home/heh15/workingspace/Arp240/NGC5257/ratio/mask/whole_SFR_co32.mask
2019-04-02 01:50:05	SEVERE	immath::::	An error occurred running task immath.
2019-04-02 01:50:05	SEVERE	image::open (file ../../tools/images/image_cmpt.cc, line 4044)	Exception Reported: Exception: File temp.mask does not exist..
2019-04-02 01:50:05	SEVERE	image::open (file ../../tools/images/image_cmpt.cc, line 4044)+	... thrown by static void casa::ImageFactory::_checkInfile(const casacore::String&) at File: ../../imageanalysis/ImageAnalysis/ImageFactory2.cc, line: 350
2019-04-02 01:52:28	INFO	viewer::::	
2019-04-02 01:52:28	INFO	viewer::::+	##########################################
2019-04-02 01:52:28	INFO	viewer::::+	##### Begin Task: viewer             #####
2019-04-02 01:52:28	INFO	viewer::::	viewer(infile="../image/33GHz/NGC5257_33GHz_smooth_regrid_co32.image/",displaytype="raster",channel=0,zoom=1,outfile="",
2019-04-02 01:52:28	INFO	viewer::::+	        outscale=1.0,outdpi=300,outformat="jpg",outlandscape=False,gui=True)
2019-04-02 01:52:28	INFO	viewer::::	##### End Task: viewer               #####
2019-04-02 01:52:28	INFO	viewer::::+	##########################################
2019-04-02 01:54:10	INFO	makemask::::	
2019-04-02 01:54:10	INFO	makemask::::+	##########################################
2019-04-02 01:54:10	INFO	makemask::::+	##### Begin Task: makemask           #####
2019-04-02 01:54:10	INFO	makemask::::	makemask(mode="copy",inpimage="/1/home/heh15/workingspace/Arp240/NGC5257/ratio/image/33GHz/NGC5257_33GHz_smooth_regrid.image/",inpmask="/1/home/heh15/workingspace/Arp240/NGC5257/ratio/region/hinge_SFR_co32.crtf",output="/1/home/heh15/workingspace/Arp240/NGC5257/ratio/mask/hinge_SFR_co32.mask",overwrite=False,
2019-04-02 01:54:10	INFO	makemask::::+	        inpfreqs=[],outfreqs=[])
2019-04-02 01:54:10	SEVERE	makemask::::	An error occurred running task makemask.
2019-04-02 01:54:10	INFO	makemask::::	
2019-04-02 01:54:10	INFO	makemask::::+	##########################################
2019-04-02 01:54:10	INFO	makemask::::+	##### Begin Task: makemask           #####
2019-04-02 01:54:10	INFO	makemask::::	makemask(mode="copy",inpimage="/1/home/heh15/workingspace/Arp240/NGC5257/ratio/image/33GHz/NGC5257_33GHz_smooth_regrid.image/",inpmask="/1/home/heh15/workingspace/Arp240/NGC5257/ratio/region/center_SFR_co32.crtf",output="/1/home/heh15/workingspace/Arp240/NGC5257/ratio/mask/center_SFR_co32.mask",overwrite=False,
2019-04-02 01:54:10	INFO	makemask::::+	        inpfreqs=[],outfreqs=[])
2019-04-02 01:54:10	SEVERE	makemask::::	An error occurred running task makemask.
2019-04-02 01:54:10	INFO	makemask::::	
2019-04-02 01:54:10	INFO	makemask::::+	##########################################
2019-04-02 01:54:10	INFO	makemask::::+	##### Begin Task: makemask           #####
2019-04-02 01:54:10	INFO	makemask::::	makemask(mode="copy",inpimage="/1/home/heh15/workingspace/Arp240/NGC5257/ratio/image/33GHz/NGC5257_33GHz_smooth_regrid.image/",inpmask="/1/home/heh15/workingspace/Arp240/NGC5257/ratio/region/south_SFR_co32.crtf",output="/1/home/heh15/workingspace/Arp240/NGC5257/ratio/mask/south_SFR_co32.mask",overwrite=False,
2019-04-02 01:54:10	INFO	makemask::::+	        inpfreqs=[],outfreqs=[])
2019-04-02 01:54:10	SEVERE	makemask::::	An error occurred running task makemask.
2019-04-02 01:54:10	INFO	immath::::	
2019-04-02 01:54:10	INFO	immath::::+	##########################################
2019-04-02 01:54:10	INFO	immath::::+	##### Begin Task: immath             #####
2019-04-02 01:54:10	INFO	immath::::	immath(imagename=['/1/home/heh15/workingspace/Arp240/NGC5257/ratio/mask/hinge_SFR_co32.mask', '/1/home/heh15/workingspace/Arp240/NGC5257/ratio/mask/center_SFR_co32.mask'],mode="evalexpr",outfile="temp.mask",expr="IM0+IM1",varnames="",
2019-04-02 01:54:10	INFO	immath::::+	        sigma="0.0mJy/beam",polithresh="",mask="",region="",box="",
2019-04-02 01:54:10	INFO	immath::::+	        chans="",stokes="",stretch=False,imagemd="")
2019-04-02 01:54:10	INFO	ImageExprCalculator::_imagecalc	Creating image `temp.mask' of shape [320, 320, 1, 1]
2019-04-02 01:54:11	INFO	immath::::	##### End Task: immath               #####
2019-04-02 01:54:11	INFO	immath::::+	##########################################
2019-04-02 01:54:11	INFO	ImageMaskHandler::_calcmask	Created mask `mask0'
2019-04-02 01:54:12	INFO	makemask::::	
2019-04-02 01:54:12	INFO	makemask::::+	##########################################
2019-04-02 01:54:12	INFO	makemask::::+	##### Begin Task: makemask           #####
2019-04-02 01:54:12	INFO	makemask::::	makemask(mode="copy",inpimage="temp.mask",inpmask="temp.mask:mask0",output="temp1.mask",overwrite=False,
2019-04-02 01:54:12	INFO	makemask::::+	        inpfreqs=[],outfreqs=[])
2019-04-02 01:54:12	INFO	makemask::ImageFactory::createImage	Created Paged image '__tmp_outputmask' of shape [320, 320, 1, 1] with float valued pixels.
2019-04-02 01:54:12	INFO	makemask::::	Summing all T/F mask in inpmask and normalized to 1 for mask
2019-04-02 01:54:13	INFO	ImageMaskAttacher::makeMask	Created and initialized mask `mask0'
2019-04-02 01:54:13	INFO	SubImageFactory::createImage	Creating image '__tmp_fromTFmask' of shape [320, 320, 1, 1]
2019-04-02 01:54:14	INFO		deleted table /1/home/heh15/workingspace/Arp240/NGC5257/ratio/script/casa/makemask/temp/_tmp_copy___tmp_frominmask
2019-04-02 01:54:15	INFO	ImageFactory::_rename	Successfully renamed file /1/home/heh15/workingspace/Arp240/NGC5257/ratio/script/casa/makemask/temp/__tmp_outputmask to temp1.mask
2019-04-02 01:54:16	INFO	makemask::::	Merged masks from:
2019-04-02 01:54:16	INFO	makemask::::	internal mask(s): ['temp.mask:mask0']
2019-04-02 01:54:16	INFO	makemask::::	to create an output mask: temp1.mask 
2019-04-02 01:54:16	INFO	makemask::::	##### End Task: makemask             #####
2019-04-02 01:54:16	INFO	makemask::::+	##########################################
2019-04-02 01:54:16	INFO	rmtables::::	
2019-04-02 01:54:16	INFO	rmtables::::+	##########################################
2019-04-02 01:54:16	INFO	rmtables::::+	##### Begin Task: rmtables           #####
2019-04-02 01:54:16	INFO	rmtables::::	rmtables(tablenames="temp.mask")
2019-04-02 01:54:16	INFO	rmtables::::	Removing temp.mask
2019-04-02 01:54:16	INFO	rmtables::::	##### End Task: rmtables             #####
2019-04-02 01:54:16	INFO	rmtables::::+	##########################################
2019-04-02 01:54:16	INFO	immath::::	
2019-04-02 01:54:16	INFO	immath::::+	##########################################
2019-04-02 01:54:16	INFO	immath::::+	##### Begin Task: immath             #####
2019-04-02 01:54:16	INFO	immath::::	immath(imagename=['/1/home/heh15/workingspace/Arp240/NGC5257/ratio/mask/south_SFR_co32.mask', 'temp1.mask'],mode="evalexpr",outfile="temp.mask",expr="IM0+IM1",varnames="",
2019-04-02 01:54:16	INFO	immath::::+	        sigma="0.0mJy/beam",polithresh="",mask="",region="",box="",
2019-04-02 01:54:16	INFO	immath::::+	        chans="",stokes="",stretch=False,imagemd="")
2019-04-02 01:54:16	INFO	ImageExprCalculator::_imagecalc	Creating image `temp.mask' of shape [320, 320, 1, 1]
2019-04-02 01:54:16	INFO	immath::::	##### End Task: immath               #####
2019-04-02 01:54:16	INFO	immath::::+	##########################################
2019-04-02 01:54:16	INFO	ImageMaskHandler::_calcmask	Created mask `mask0'
2019-04-02 01:54:17	INFO	makemask::::	
2019-04-02 01:54:17	INFO	makemask::::+	##########################################
2019-04-02 01:54:17	INFO	makemask::::+	##### Begin Task: makemask           #####
2019-04-02 01:54:17	INFO	makemask::::	makemask(mode="copy",inpimage="temp.mask",inpmask="temp.mask:mask0",output="temp2.mask",overwrite=False,
2019-04-02 01:54:17	INFO	makemask::::+	        inpfreqs=[],outfreqs=[])
2019-04-02 01:54:17	INFO	makemask::ImageFactory::createImage	Created Paged image '__tmp_outputmask' of shape [320, 320, 1, 1] with float valued pixels.
2019-04-02 01:54:18	INFO	makemask::::	Summing all T/F mask in inpmask and normalized to 1 for mask
2019-04-02 01:54:19	INFO	ImageMaskAttacher::makeMask	Created and initialized mask `mask0'
2019-04-02 01:54:19	INFO	SubImageFactory::createImage	Creating image '__tmp_fromTFmask' of shape [320, 320, 1, 1]
2019-04-02 01:54:19	INFO		deleted table /1/home/heh15/workingspace/Arp240/NGC5257/ratio/script/casa/makemask/temp/_tmp_copy___tmp_frominmask
2019-04-02 01:54:21	INFO	ImageFactory::_rename	Successfully renamed file /1/home/heh15/workingspace/Arp240/NGC5257/ratio/script/casa/makemask/temp/__tmp_outputmask to temp2.mask
2019-04-02 01:54:21	INFO	makemask::::	Merged masks from:
2019-04-02 01:54:21	INFO	makemask::::	internal mask(s): ['temp.mask:mask0']
2019-04-02 01:54:21	INFO	makemask::::	to create an output mask: temp2.mask 
2019-04-02 01:54:21	INFO	makemask::::	##### End Task: makemask             #####
2019-04-02 01:54:21	INFO	makemask::::+	##########################################
2019-04-02 01:54:21	INFO	rmtables::::	
2019-04-02 01:54:21	INFO	rmtables::::+	##########################################
2019-04-02 01:54:21	INFO	rmtables::::+	##### Begin Task: rmtables           #####
2019-04-02 01:54:21	INFO	rmtables::::	rmtables(tablenames="temp.mask")
2019-04-02 01:54:21	INFO	rmtables::::	Removing temp.mask
2019-04-02 01:54:21	INFO	rmtables::::	##### End Task: rmtables             #####
2019-04-02 01:54:21	INFO	rmtables::::+	##########################################
2019-04-02 01:54:21	INFO	makemask::::	
2019-04-02 01:54:21	INFO	makemask::::+	##########################################
2019-04-02 01:54:21	INFO	makemask::::+	##### Begin Task: makemask           #####
2019-04-02 01:54:21	INFO	makemask::::	makemask(mode="copy",inpimage="/1/home/heh15/workingspace/Arp240/NGC5257/ratio/image/33GHz/NGC5257_33GHz_smooth_regrid.image/",inpmask="/1/home/heh15/workingspace/Arp240/NGC5257/ratio/region/whole.crtf",output="/1/home/heh15/workingspace/Arp240/NGC5257/ratio/mask/whole_SFR_co32.mask",overwrite=False,
2019-04-02 01:54:21	INFO	makemask::::+	        inpfreqs=[],outfreqs=[])
2019-04-02 01:54:22	INFO	makemask::ImageFactory::createImage	Created Paged image '__tmp_outputmask' of shape [320, 320, 1, 1] with float valued pixels.
2019-04-02 01:54:22	INFO	makemask::ImageFactory::createImage	Created Paged image '__tmp_fromAllRgn' of shape [320, 320, 1, 1] with float valued pixels.
2019-04-02 01:54:22	INFO	makemask::AsciiRegionFileParser::_parse	Combined 1 image regions (which excludes any annotation regions)
2019-04-02 01:54:22	INFO	makemask::AsciiRegionFileParser::_parse	The specified region will select all pixels that are included in the region. Full pixels will be included even when they are only partially covered by the region(s).
2019-04-02 01:54:23	INFO	makemask::::	Converted 1 regions from 1 region files to image mask
2019-04-02 01:54:23	INFO	ImageMaskAttacher::makeMask	Created and initialized mask `mask0'
2019-04-02 01:54:23	INFO	SubImageFactory::createImage	Creating image '__tmp_regrid_allrgnmask' of shape [320, 320, 1, 1]
2019-04-02 01:54:24	INFO		deleted table /1/home/heh15/workingspace/Arp240/NGC5257/ratio/script/casa/makemask/temp/_tmp_copy___tmp_fromAllRgn
2019-04-02 01:54:24	INFO	makemask::::	Added mask based on regions to output mask
2019-04-02 01:54:24	INFO	ImageFactory::_rename	Successfully renamed file /1/home/heh15/workingspace/Arp240/NGC5257/ratio/script/casa/makemask/temp/__tmp_outputmask to /1/home/heh15/workingspace/Arp240/NGC5257/ratio/mask/whole_SFR_co32.mask
2019-04-02 01:54:25	INFO	makemask::::	Merged masks from:
2019-04-02 01:54:25	INFO	makemask::::	region txt file(s): ['/1/home/heh15/workingspace/Arp240/NGC5257/ratio/region/whole.crtf']
2019-04-02 01:54:25	INFO	makemask::::	to create an output mask: /1/home/heh15/workingspace/Arp240/NGC5257/ratio/mask/whole_SFR_co32.mask 
2019-04-02 01:54:25	INFO	makemask::::	##### End Task: makemask             #####
2019-04-02 01:54:25	INFO	makemask::::+	##########################################
2019-04-02 01:54:25	INFO	immath::::	
2019-04-02 01:54:25	INFO	immath::::+	##########################################
2019-04-02 01:54:25	INFO	immath::::+	##### Begin Task: immath             #####
2019-04-02 01:54:25	INFO	immath::::	immath(imagename=['/1/home/heh15/workingspace/Arp240/NGC5257/ratio/mask/whole_SFR_co32.mask', 'temp2.mask'],mode="evalexpr",outfile="temp.mask",expr="IM0-IM1",varnames="",
2019-04-02 01:54:25	INFO	immath::::+	        sigma="0.0mJy/beam",polithresh="",mask="",region="",box="",
2019-04-02 01:54:25	INFO	immath::::+	        chans="",stokes="",stretch=False,imagemd="")
2019-04-02 01:54:25	INFO	ImageExprCalculator::_imagecalc	Creating image `temp.mask' of shape [320, 320, 1, 1]
2019-04-02 01:54:25	INFO	immath::::	##### End Task: immath               #####
2019-04-02 01:54:25	INFO	immath::::+	##########################################
2019-04-02 01:54:26	INFO	ImageMaskHandler::_calcmask	Created mask `mask0'
2019-04-02 01:54:26	INFO	makemask::::	
2019-04-02 01:54:26	INFO	makemask::::+	##########################################
2019-04-02 01:54:26	INFO	makemask::::+	##### Begin Task: makemask           #####
2019-04-02 01:54:26	INFO	makemask::::	makemask(mode="copy",inpimage="temp.mask",inpmask="temp.mask:mask0",output="/1/home/heh15/workingspace/Arp240/NGC5257/ratio/mask/rest_SFR_co32.mask",overwrite=False,
2019-04-02 01:54:26	INFO	makemask::::+	        inpfreqs=[],outfreqs=[])
2019-04-02 01:54:26	INFO	makemask::ImageFactory::createImage	Created Paged image '__tmp_outputmask' of shape [320, 320, 1, 1] with float valued pixels.
2019-04-02 01:54:26	INFO	makemask::::	Summing all T/F mask in inpmask and normalized to 1 for mask
2019-04-02 01:54:27	INFO	ImageMaskAttacher::makeMask	Created and initialized mask `mask0'
2019-04-02 01:54:27	INFO	SubImageFactory::createImage	Creating image '__tmp_fromTFmask' of shape [320, 320, 1, 1]
2019-04-02 01:54:28	INFO		deleted table /1/home/heh15/workingspace/Arp240/NGC5257/ratio/script/casa/makemask/temp/_tmp_copy___tmp_frominmask
2019-04-02 01:54:29	INFO	ImageFactory::_rename	Successfully renamed file /1/home/heh15/workingspace/Arp240/NGC5257/ratio/script/casa/makemask/temp/__tmp_outputmask to /1/home/heh15/workingspace/Arp240/NGC5257/ratio/mask/rest_SFR_co32.mask
2019-04-02 01:54:30	INFO	makemask::::	Merged masks from:
2019-04-02 01:54:30	INFO	makemask::::	internal mask(s): ['temp.mask:mask0']
2019-04-02 01:54:30	INFO	makemask::::	to create an output mask: /1/home/heh15/workingspace/Arp240/NGC5257/ratio/mask/rest_SFR_co32.mask 
2019-04-02 01:54:30	INFO	makemask::::	##### End Task: makemask             #####
2019-04-02 01:54:30	INFO	makemask::::+	##########################################
2019-04-02 01:54:30	INFO	rmtables::::	
2019-04-02 01:54:30	INFO	rmtables::::+	##########################################
2019-04-02 01:54:30	INFO	rmtables::::+	##### Begin Task: rmtables           #####
2019-04-02 01:54:30	INFO	rmtables::::	rmtables(tablenames="temp.mask")
2019-04-02 01:54:30	INFO	rmtables::::	Removing temp.mask
2019-04-02 01:54:30	INFO	rmtables::::	##### End Task: rmtables             #####
2019-04-02 01:54:30	INFO	rmtables::::+	##########################################
2019-04-05 21:52:12	INFO	::casa	
2019-04-05 21:52:12	INFO	::casa	CASA Version 5.4.0-68  
2019-04-05 21:52:34	INFO	makemask::::	
2019-04-05 21:52:34	INFO	makemask::::+	##########################################
2019-04-05 21:52:34	INFO	makemask::::+	##### Begin Task: makemask           #####
2019-04-05 21:52:34	INFO	makemask::::	makemask(mode="copy",inpimage="/1/home/heh15/workingspace/Arp240/NGC5257/ratio/image/33GHz/NGC5258_33GHz_smooth_regrid.image/",inpmask="/1/home/heh15/workingspace/Arp240/NGC5257/ratio/region/south_SFR.crtf",output="/1/home/heh15/workingspace/Arp240/NGC5257/ratio/mask/south_SFR.mask",overwrite=False,
2019-04-05 21:52:34	INFO	makemask::::+	        inpfreqs=[],outfreqs=[])
2019-04-05 21:52:34	SEVERE	makemask::::	An error occurred running task makemask.
2019-04-05 21:53:15	INFO	makemask::::	
2019-04-05 21:53:15	INFO	makemask::::+	##########################################
2019-04-05 21:53:15	INFO	makemask::::+	##### Begin Task: makemask           #####
2019-04-05 21:53:15	INFO	makemask::::	makemask(mode="copy",inpimage="/1/home/heh15/workingspace/Arp240/NGC5258/ratio/image/33GHz/NGC5258_33GHz_smooth_regrid.image/",inpmask="/1/home/heh15/workingspace/Arp240/NGC5258/ratio/region/south_SFR.crtf",output="/1/home/heh15/workingspace/Arp240/NGC5258/ratio/mask/south_SFR.mask",overwrite=False,
2019-04-05 21:53:15	INFO	makemask::::+	        inpfreqs=[],outfreqs=[])
2019-04-05 21:53:15	INFO	makemask::ImageFactory::createImage	Created Paged image '__tmp_outputmask' of shape [320, 320, 1, 1] with float valued pixels.
2019-04-05 21:53:16	INFO	makemask::ImageFactory::createImage	Created Paged image '__tmp_fromAllRgn' of shape [320, 320, 1, 1] with float valued pixels.
2019-04-05 21:53:16	INFO	makemask::AsciiRegionFileParser::_parse	Combined 1 image regions (which excludes any annotation regions)
2019-04-05 21:53:16	INFO	makemask::AsciiRegionFileParser::_parse	The specified region will select all pixels that are included in the region. Full pixels will be included even when they are only partially covered by the region(s).
2019-04-05 21:53:17	INFO	makemask::::	Converted 1 regions from 1 region files to image mask
2019-04-05 21:53:17	INFO	ImageMaskAttacher::makeMask	Created and initialized mask `mask0'
2019-04-05 21:53:17	INFO	SubImageFactory::createImage	Creating image '__tmp_regrid_allrgnmask' of shape [320, 320, 1, 1]
2019-04-05 21:53:17	INFO		deleted table /1/home/heh15/workingspace/Arp240/NGC5258/ratio/script/casa/makemask/temp/_tmp_copy___tmp_fromAllRgn
2019-04-05 21:53:18	INFO	makemask::::	Added mask based on regions to output mask
2019-04-05 21:53:18	INFO	ImageFactory::_rename	Successfully renamed file /1/home/heh15/workingspace/Arp240/NGC5258/ratio/script/casa/makemask/temp/__tmp_outputmask to /1/home/heh15/workingspace/Arp240/NGC5258/ratio/mask/south_SFR.mask
2019-04-05 21:53:19	INFO	makemask::::	Merged masks from:
2019-04-05 21:53:19	INFO	makemask::::	region txt file(s): ['/1/home/heh15/workingspace/Arp240/NGC5258/ratio/region/south_SFR.crtf']
2019-04-05 21:53:19	INFO	makemask::::	to create an output mask: /1/home/heh15/workingspace/Arp240/NGC5258/ratio/mask/south_SFR.mask 
2019-04-05 21:53:19	INFO	makemask::::	##### End Task: makemask             #####
2019-04-05 21:53:19	INFO	makemask::::+	##########################################
2019-04-05 21:54:52	INFO	viewer::::	
2019-04-05 21:54:52	INFO	viewer::::+	##########################################
2019-04-05 21:54:52	INFO	viewer::::+	##### Begin Task: viewer             #####
2019-04-05 21:54:52	INFO	viewer::::	viewer(infile="NGC5258_33GHz_smooth_regrid.image/",displaytype="raster",channel=0,zoom=1,outfile="",
2019-04-05 21:54:52	INFO	viewer::::+	        outscale=1.0,outdpi=300,outformat="jpg",outlandscape=False,gui=True)
2019-04-05 21:54:53	INFO	viewer::::	##### End Task: viewer               #####
2019-04-05 21:54:53	INFO	viewer::::+	##########################################
2019-04-05 21:59:23	INFO	makemask::::	
2019-04-05 21:59:23	INFO	makemask::::+	##########################################
2019-04-05 21:59:23	INFO	makemask::::+	##### Begin Task: makemask           #####
2019-04-05 21:59:23	INFO	makemask::::	makemask(mode="copy",inpimage="/1/home/heh15/workingspace/Arp240/NGC5258/ratio/image/33GHz/NGC5258_33GHz_smooth_regrid.image/",inpmask="/1/home/heh15/workingspace/Arp240/NGC5258/ratio/region/south_SFR.crtf",output="/1/home/heh15/workingspace/Arp240/NGC5258/ratio/mask/south_SFR.mask",overwrite=False,
2019-04-05 21:59:23	INFO	makemask::::+	        inpfreqs=[],outfreqs=[])
2019-04-05 21:59:23	SEVERE	makemask::::	An error occurred running task makemask.
2019-04-05 21:59:23	INFO	makemask::::	
2019-04-05 21:59:23	INFO	makemask::::+	##########################################
2019-04-05 21:59:23	INFO	makemask::::+	##### Begin Task: makemask           #####
2019-04-05 21:59:23	INFO	makemask::::	makemask(mode="copy",inpimage="/1/home/heh15/workingspace/Arp240/NGC5258/ratio/image/33GHz/NGC5258_33GHz_smooth_regrid.image/",inpmask="/1/home/heh15/workingspace/Arp240/NGC5258/ratio/region/whole.crtf",output="/1/home/heh15/workingspace/Arp240/NGC5258/ratio/mask/whole.mask",overwrite=False,
2019-04-05 21:59:23	INFO	makemask::::+	        inpfreqs=[],outfreqs=[])
2019-04-05 21:59:23	INFO	makemask::ImageFactory::createImage	Created Paged image '__tmp_outputmask' of shape [320, 320, 1, 1] with float valued pixels.
2019-04-05 21:59:24	INFO	makemask::ImageFactory::createImage	Created Paged image '__tmp_fromAllRgn' of shape [320, 320, 1, 1] with float valued pixels.
2019-04-05 21:59:24	INFO	makemask::AsciiRegionFileParser::_parse	Combined 1 image regions (which excludes any annotation regions)
2019-04-05 21:59:24	INFO	makemask::AsciiRegionFileParser::_parse	The specified region will select all pixels that are included in the region. Full pixels will be included even when they are only partially covered by the region(s).
2019-04-05 21:59:25	INFO	makemask::::	Converted 1 regions from 1 region files to image mask
2019-04-05 21:59:25	INFO	ImageMaskAttacher::makeMask	Created and initialized mask `mask0'
2019-04-05 21:59:25	INFO	SubImageFactory::createImage	Creating image '__tmp_regrid_allrgnmask' of shape [320, 320, 1, 1]
2019-04-05 21:59:25	INFO		deleted table /1/home/heh15/workingspace/Arp240/NGC5258/ratio/script/casa/makemask/temp/_tmp_copy___tmp_fromAllRgn
2019-04-05 21:59:26	INFO	makemask::::	Added mask based on regions to output mask
2019-04-05 21:59:26	INFO	ImageFactory::_rename	Successfully renamed file /1/home/heh15/workingspace/Arp240/NGC5258/ratio/script/casa/makemask/temp/__tmp_outputmask to /1/home/heh15/workingspace/Arp240/NGC5258/ratio/mask/whole.mask
2019-04-05 21:59:26	INFO	makemask::::	Merged masks from:
2019-04-05 21:59:26	INFO	makemask::::	region txt file(s): ['/1/home/heh15/workingspace/Arp240/NGC5258/ratio/region/whole.crtf']
2019-04-05 21:59:26	INFO	makemask::::	to create an output mask: /1/home/heh15/workingspace/Arp240/NGC5258/ratio/mask/whole.mask 
2019-04-05 21:59:26	INFO	makemask::::	##### End Task: makemask             #####
2019-04-05 21:59:26	INFO	makemask::::+	##########################################
2019-04-05 21:59:26	INFO	immath::::	
2019-04-05 21:59:26	INFO	immath::::+	##########################################
2019-04-05 21:59:26	INFO	immath::::+	##### Begin Task: immath             #####
2019-04-05 21:59:26	INFO	immath::::	immath(imagename=['/1/home/heh15/workingspace/Arp240/NGC5258/ratio/mask/whole.mask', 'south_SFR.mask'],mode="evalexpr",outfile="temp.mask",expr="IM0-IM1",varnames="",
2019-04-05 21:59:26	INFO	immath::::+	        sigma="0.0mJy/beam",polithresh="",mask="",region="",box="",
2019-04-05 21:59:26	INFO	immath::::+	        chans="",stokes="",stretch=False,imagemd="")
2019-04-05 21:59:26	SEVERE	immath::::	Image data set not found - please verify south_SFR.mask
2019-04-05 21:59:26	SEVERE	immath::::	Unable to process expression IM0-IM1
2019-04-05 21:59:26	SEVERE	immath::::	Exception caught was: Image data set not found - please verify south_SFR.mask
2019-04-05 21:59:26	SEVERE	immath::::	An error occurred running task immath.
2019-04-05 21:59:27	SEVERE	image::open (file ../../tools/images/image_cmpt.cc, line 4044)	Exception Reported: Exception: File temp.mask does not exist..
2019-04-05 21:59:27	SEVERE	image::open (file ../../tools/images/image_cmpt.cc, line 4044)+	... thrown by static void casa::ImageFactory::_checkInfile(const casacore::String&) at File: ../../imageanalysis/ImageAnalysis/ImageFactory2.cc, line: 350
2019-04-05 22:01:51	INFO	makemask::::	
2019-04-05 22:01:51	INFO	makemask::::+	##########################################
2019-04-05 22:01:51	INFO	makemask::::+	##### Begin Task: makemask           #####
2019-04-05 22:01:51	INFO	makemask::::	makemask(mode="copy",inpimage="/1/home/heh15/workingspace/Arp240/NGC5258/ratio/image/33GHz/NGC5258_33GHz_smooth_regrid.image/",inpmask="/1/home/heh15/workingspace/Arp240/NGC5258/ratio/region/south_SFR.crtf",output="/1/home/heh15/workingspace/Arp240/NGC5258/ratio/mask/south_SFR.mask",overwrite=False,
2019-04-05 22:01:51	INFO	makemask::::+	        inpfreqs=[],outfreqs=[])
2019-04-05 22:01:51	SEVERE	makemask::::	An error occurred running task makemask.
2019-04-05 22:01:51	INFO	makemask::::	
2019-04-05 22:01:51	INFO	makemask::::+	##########################################
2019-04-05 22:01:51	INFO	makemask::::+	##### Begin Task: makemask           #####
2019-04-05 22:01:51	INFO	makemask::::	makemask(mode="copy",inpimage="/1/home/heh15/workingspace/Arp240/NGC5258/ratio/image/33GHz/NGC5258_33GHz_smooth_regrid.image/",inpmask="/1/home/heh15/workingspace/Arp240/NGC5258/ratio/region/whole.crtf",output="/1/home/heh15/workingspace/Arp240/NGC5258/ratio/mask/whole.mask",overwrite=False,
2019-04-05 22:01:51	INFO	makemask::::+	        inpfreqs=[],outfreqs=[])
2019-04-05 22:01:51	SEVERE	makemask::::	An error occurred running task makemask.
2019-04-05 22:01:51	INFO	immath::::	
2019-04-05 22:01:51	INFO	immath::::+	##########################################
2019-04-05 22:01:51	INFO	immath::::+	##### Begin Task: immath             #####
2019-04-05 22:01:51	INFO	immath::::	immath(imagename=['/1/home/heh15/workingspace/Arp240/NGC5258/ratio/mask/whole.mask', '/1/home/heh15/workingspace/Arp240/NGC5258/ratio/mask/south_SFR.mask'],mode="evalexpr",outfile="temp.mask",expr="IM0-IM1",varnames="",
2019-04-05 22:01:51	INFO	immath::::+	        sigma="0.0mJy/beam",polithresh="",mask="",region="",box="",
2019-04-05 22:01:51	INFO	immath::::+	        chans="",stokes="",stretch=False,imagemd="")
2019-04-05 22:01:51	INFO	ImageExprCalculator::_imagecalc	Creating image `temp.mask' of shape [320, 320, 1, 1]
2019-04-05 22:01:51	INFO	immath::::	##### End Task: immath               #####
2019-04-05 22:01:51	INFO	immath::::+	##########################################
2019-04-05 22:01:52	INFO	ImageMaskHandler::_calcmask	Created mask `mask0'
2019-04-05 22:01:52	INFO	makemask::::	
2019-04-05 22:01:52	INFO	makemask::::+	##########################################
2019-04-05 22:01:52	INFO	makemask::::+	##### Begin Task: makemask           #####
2019-04-05 22:01:52	INFO	makemask::::	makemask(mode="copy",inpimage="temp.mask",inpmask="temp.mask:mask0",output="/1/home/heh15/workingspace/Arp240/NGC5258/ratio/mask/rest_SFR.mask",overwrite=False,
2019-04-05 22:01:52	INFO	makemask::::+	        inpfreqs=[],outfreqs=[])
2019-04-05 22:01:52	INFO	makemask::ImageFactory::createImage	Created Paged image '__tmp_outputmask' of shape [320, 320, 1, 1] with float valued pixels.
2019-04-05 22:01:53	INFO	makemask::::	Summing all T/F mask in inpmask and normalized to 1 for mask
2019-04-05 22:01:53	INFO	ImageMaskAttacher::makeMask	Created and initialized mask `mask0'
2019-04-05 22:01:54	INFO	SubImageFactory::createImage	Creating image '__tmp_fromTFmask' of shape [320, 320, 1, 1]
2019-04-05 22:01:54	INFO		deleted table /1/home/heh15/workingspace/Arp240/NGC5258/ratio/script/casa/makemask/_tmp_copy___tmp_frominmask
2019-04-05 22:01:56	INFO	ImageFactory::_rename	Successfully renamed file /1/home/heh15/workingspace/Arp240/NGC5258/ratio/script/casa/makemask/__tmp_outputmask to /1/home/heh15/workingspace/Arp240/NGC5258/ratio/mask/rest_SFR.mask
2019-04-05 22:01:56	INFO	makemask::::	Merged masks from:
2019-04-05 22:01:56	INFO	makemask::::	internal mask(s): ['temp.mask:mask0']
2019-04-05 22:01:56	INFO	makemask::::	to create an output mask: /1/home/heh15/workingspace/Arp240/NGC5258/ratio/mask/rest_SFR.mask 
2019-04-05 22:01:56	INFO	makemask::::	##### End Task: makemask             #####
2019-04-05 22:01:56	INFO	makemask::::+	##########################################
2019-04-05 22:01:56	INFO	rmtables::::	
2019-04-05 22:01:56	INFO	rmtables::::+	##########################################
2019-04-05 22:01:56	INFO	rmtables::::+	##### Begin Task: rmtables           #####
2019-04-05 22:01:56	INFO	rmtables::::	rmtables(tablenames="temp.mask")
2019-04-05 22:01:56	INFO	rmtables::::	Removing temp.mask
2019-04-05 22:01:56	INFO	rmtables::::	##### End Task: rmtables             #####
2019-04-05 22:01:56	INFO	rmtables::::+	##########################################
2019-04-05 22:04:30	INFO	::casa	
2019-04-05 22:04:30	INFO	::casa	CASA Version 5.4.0-68  
2019-04-05 22:06:12	INFO	makemask::::	
2019-04-05 22:06:12	INFO	makemask::::+	##########################################
2019-04-05 22:06:12	INFO	makemask::::+	##### Begin Task: makemask           #####
2019-04-05 22:06:12	INFO	makemask::::	makemask(mode="copy",inpimage="/1/home/heh15/workingspace/Arp240/NGC5258/ratio/image/33GHz/NGC5258_33GHz_smooth_regrid.image/",inpmask="/1/home/heh15/workingspace/Arp240/NGC5258/ratio/region/south_SFR.crtf",output="/1/home/heh15/workingspace/Arp240/NGC5258/ratio/mask/south_SFR.mask",overwrite=False,
2019-04-05 22:06:12	INFO	makemask::::+	        inpfreqs=[],outfreqs=[])
2019-04-05 22:06:12	SEVERE	makemask::::	An error occurred running task makemask.
2019-04-05 22:06:12	INFO	exportfits::::	
2019-04-05 22:06:12	INFO	exportfits::::+	##########################################
2019-04-05 22:06:12	INFO	exportfits::::+	##### Begin Task: exportfits         #####
2019-04-05 22:06:12	INFO	exportfits::::	exportfits(imagename="/1/home/heh15/workingspace/Arp240/NGC5258/ratio/mask/south_SFR.mask",fitsimage="/1/home/heh15/workingspace/Arp240/NGC5258/ratio/mask/south_SFR_mask.fits",velocity=False,optical=False,bitpix=-32,
2019-04-05 22:06:12	INFO	exportfits::::+	        minpix=0,maxpix=-1,overwrite=False,dropstokes=False,stokeslast=True,
2019-04-05 22:06:12	INFO	exportfits::::+	        history=True,dropdeg=False)
2019-04-05 22:06:12	INFO	exportfits::::	##### End Task: exportfits           #####
2019-04-05 22:06:12	INFO	exportfits::::+	##########################################
2019-04-05 22:06:12	INFO	makemask::::	
2019-04-05 22:06:12	INFO	makemask::::+	##########################################
2019-04-05 22:06:12	INFO	makemask::::+	##### Begin Task: makemask           #####
2019-04-05 22:06:12	INFO	makemask::::	makemask(mode="copy",inpimage="/1/home/heh15/workingspace/Arp240/NGC5258/ratio/image/33GHz/NGC5258_33GHz_smooth_regrid.image/",inpmask="/1/home/heh15/workingspace/Arp240/NGC5258/ratio/region/whole.crtf",output="/1/home/heh15/workingspace/Arp240/NGC5258/ratio/mask/whole.mask",overwrite=False,
2019-04-05 22:06:12	INFO	makemask::::+	        inpfreqs=[],outfreqs=[])
2019-04-05 22:06:12	SEVERE	makemask::::	An error occurred running task makemask.
2019-04-05 22:06:12	INFO	exportfits::::	
2019-04-05 22:06:12	INFO	exportfits::::+	##########################################
2019-04-05 22:06:12	INFO	exportfits::::+	##### Begin Task: exportfits         #####
2019-04-05 22:06:12	INFO	exportfits::::	exportfits(imagename="/1/home/heh15/workingspace/Arp240/NGC5258/ratio/mask/whole.mask",fitsimage="/1/home/heh15/workingspace/Arp240/NGC5258/ratio/mask/whole_mask.fits",velocity=False,optical=False,bitpix=-32,
2019-04-05 22:06:12	INFO	exportfits::::+	        minpix=0,maxpix=-1,overwrite=False,dropstokes=False,stokeslast=True,
2019-04-05 22:06:12	INFO	exportfits::::+	        history=True,dropdeg=False)
2019-04-05 22:06:12	INFO	exportfits::::	##### End Task: exportfits           #####
2019-04-05 22:06:12	INFO	exportfits::::+	##########################################
2019-04-05 22:06:12	INFO	immath::::	
2019-04-05 22:06:12	INFO	immath::::+	##########################################
2019-04-05 22:06:12	INFO	immath::::+	##### Begin Task: immath             #####
2019-04-05 22:06:12	INFO	immath::::	immath(imagename=['/1/home/heh15/workingspace/Arp240/NGC5258/ratio/mask/whole.mask', '/1/home/heh15/workingspace/Arp240/NGC5258/ratio/mask/south_SFR.mask'],mode="evalexpr",outfile="temp.mask",expr="IM0-IM1",varnames="",
2019-04-05 22:06:12	INFO	immath::::+	        sigma="0.0mJy/beam",polithresh="",mask="",region="",box="",
2019-04-05 22:06:12	INFO	immath::::+	        chans="",stokes="",stretch=False,imagemd="")
2019-04-05 22:06:12	INFO	ImageExprCalculator::_imagecalc	Creating image `temp.mask' of shape [320, 320, 1, 1]
2019-04-05 22:06:13	INFO	immath::::	##### End Task: immath               #####
2019-04-05 22:06:13	INFO	immath::::+	##########################################
2019-04-05 22:06:13	INFO	ImageMaskHandler::_calcmask	Created mask `mask0'
2019-04-05 22:06:14	INFO	makemask::::	
2019-04-05 22:06:14	INFO	makemask::::+	##########################################
2019-04-05 22:06:14	INFO	makemask::::+	##### Begin Task: makemask           #####
2019-04-05 22:06:14	INFO	makemask::::	makemask(mode="copy",inpimage="temp.mask",inpmask="temp.mask:mask0",output="/1/home/heh15/workingspace/Arp240/NGC5258/ratio/mask/rest_SFR.mask",overwrite=False,
2019-04-05 22:06:14	INFO	makemask::::+	        inpfreqs=[],outfreqs=[])
2019-04-05 22:06:14	SEVERE	makemask::::	An error occurred running task makemask.
2019-04-05 22:06:14	INFO	rmtables::::	
2019-04-05 22:06:14	INFO	rmtables::::+	##########################################
2019-04-05 22:06:14	INFO	rmtables::::+	##### Begin Task: rmtables           #####
2019-04-05 22:06:14	INFO	rmtables::::	rmtables(tablenames="temp.mask")
2019-04-05 22:06:14	INFO	rmtables::::	Removing temp.mask
2019-04-05 22:06:14	INFO	rmtables::::	##### End Task: rmtables             #####
2019-04-05 22:06:14	INFO	rmtables::::+	##########################################
2019-04-05 22:06:14	INFO	exportfits::::	
2019-04-05 22:06:14	INFO	exportfits::::+	##########################################
2019-04-05 22:06:14	INFO	exportfits::::+	##### Begin Task: exportfits         #####
2019-04-05 22:06:14	INFO	exportfits::::	exportfits(imagename="/1/home/heh15/workingspace/Arp240/NGC5258/ratio/mask/rest_SFR.mask",fitsimage="/1/home/heh15/workingspace/Arp240/NGC5258/ratio/mask/rest_SFR_mask.fits",velocity=False,optical=False,bitpix=-32,
2019-04-05 22:06:14	INFO	exportfits::::+	        minpix=0,maxpix=-1,overwrite=False,dropstokes=False,stokeslast=True,
2019-04-05 22:06:14	INFO	exportfits::::+	        history=True,dropdeg=False)
2019-04-05 22:06:14	INFO	exportfits::::	##### End Task: exportfits           #####
2019-04-05 22:06:14	INFO	exportfits::::+	##########################################
2019-04-08 14:37:14	INFO	::casa	
2019-04-08 14:37:14	INFO	::casa	CASA Version 5.4.0-68  
2019-04-08 14:37:36	INFO	makemask::::	
2019-04-08 14:37:36	INFO	makemask::::+	##########################################
2019-04-08 14:37:36	INFO	makemask::::+	##### Begin Task: makemask           #####
2019-04-08 14:37:36	INFO	makemask::::	makemask(mode="copy",inpimage="/1/home/heh15/workingspace/Arp240/NGC5257/ratio/image/33GHz/NGC5258_33GHz_smooth_co32_regrid.image/",inpmask="/1/home/heh15/workingspace/Arp240/NGC5257/ratio/region/south_SFR_co32.crtf",output="/1/home/heh15/workingspace/Arp240/NGC5257/ratio/mask/south_SFR_co32.mask",overwrite=False,
2019-04-08 14:37:36	INFO	makemask::::+	        inpfreqs=[],outfreqs=[])
2019-04-08 14:37:36	SEVERE	makemask::::	An error occurred running task makemask.
2019-04-08 14:37:36	INFO	exportfits::::	
2019-04-08 14:37:36	INFO	exportfits::::+	##########################################
2019-04-08 14:37:36	INFO	exportfits::::+	##### Begin Task: exportfits         #####
2019-04-08 14:37:36	INFO	exportfits::::	exportfits(imagename="/1/home/heh15/workingspace/Arp240/NGC5257/ratio/mask/south_SFR_co32.mask",fitsimage="/1/home/heh15/workingspace/Arp240/NGC5257/ratio/mask/south_SFR_co32_mask.fits",velocity=False,optical=False,bitpix=-32,
2019-04-08 14:37:36	INFO	exportfits::::+	        minpix=0,maxpix=-1,overwrite=False,dropstokes=False,stokeslast=True,
2019-04-08 14:37:36	INFO	exportfits::::+	        history=True,dropdeg=False)
2019-04-08 14:37:36	SEVERE	exportfits::image::tofits (file ../../tools/images/image_cmpt.cc, line 6042)	Exception Reported: Exception: File /1/home/heh15/workingspace/Arp240/NGC5257/ratio/mask/south_SFR_co32_mask.fits exists, and the user does not want to remove it..
2019-04-08 14:37:36	SEVERE	exportfits::image::tofits (file ../../tools/images/image_cmpt.cc, line 6042)+	... thrown by static void casa::ImageFactory::_checkOutfile(const casacore::String&, casacore::Bool) at File: ../../imageanalysis/ImageAnalysis/ImageFactory2.cc, line: 568
2019-04-08 14:37:36	SEVERE	exportfits::::	An error occurred running task exportfits.
2019-04-08 14:37:36	INFO	immath::::	
2019-04-08 14:37:36	INFO	immath::::+	##########################################
2019-04-08 14:37:36	INFO	immath::::+	##### Begin Task: immath             #####
2019-04-08 14:37:36	INFO	immath::::	immath(imagename=['/1/home/heh15/workingspace/Arp240/NGC5257/ratio/mask/whole.mask', '/1/home/heh15/workingspace/Arp240/NGC5257/ratio/mask/south_SFR_co32.mask'],mode="evalexpr",outfile="temp.mask",expr="IM0-IM1",varnames="",
2019-04-08 14:37:36	INFO	immath::::+	        sigma="0.0mJy/beam",polithresh="",mask="",region="",box="",
2019-04-08 14:37:36	INFO	immath::::+	        chans="",stokes="",stretch=False,imagemd="")
2019-04-08 14:37:36	SEVERE	immath::::	Image data set not found - please verify /1/home/heh15/workingspace/Arp240/NGC5257/ratio/mask/whole.mask
2019-04-08 14:37:36	SEVERE	immath::::	Unable to process expression IM0-IM1
2019-04-08 14:37:36	SEVERE	immath::::	Exception caught was: Image data set not found - please verify /1/home/heh15/workingspace/Arp240/NGC5257/ratio/mask/whole.mask
2019-04-08 14:37:36	SEVERE	immath::::	An error occurred running task immath.
2019-04-08 14:37:36	SEVERE	image::open (file ../../tools/images/image_cmpt.cc, line 4044)	Exception Reported: Exception: File temp.mask does not exist..
2019-04-08 14:37:36	SEVERE	image::open (file ../../tools/images/image_cmpt.cc, line 4044)+	... thrown by static void casa::ImageFactory::_checkInfile(const casacore::String&) at File: ../../imageanalysis/ImageAnalysis/ImageFactory2.cc, line: 350
2019-04-08 14:40:52	INFO	makemask::::	
2019-04-08 14:40:52	INFO	makemask::::+	##########################################
2019-04-08 14:40:52	INFO	makemask::::+	##### Begin Task: makemask           #####
2019-04-08 14:40:52	INFO	makemask::::	makemask(mode="copy",inpimage="/1/home/heh15/workingspace/Arp240/NGC5257/ratio/image/33GHz/NGC5258_33GHz_smooth_co32_regrid.image/",inpmask="/1/home/heh15/workingspace/Arp240/NGC5257/ratio/region/south_SFR_co32.crtf",output="/1/home/heh15/workingspace/Arp240/NGC5257/ratio/mask/south_SFR_co32.mask",overwrite=False,
2019-04-08 14:40:52	INFO	makemask::::+	        inpfreqs=[],outfreqs=[])
2019-04-08 14:40:52	SEVERE	makemask::::	An error occurred running task makemask.
2019-04-08 14:42:08	INFO	makemask::::	
2019-04-08 14:42:08	INFO	makemask::::+	##########################################
2019-04-08 14:42:08	INFO	makemask::::+	##### Begin Task: makemask           #####
2019-04-08 14:42:08	INFO	makemask::::	makemask(mode="copy",inpimage="/1/home/heh15/workingspace/Arp240/NGC5257/ratio/image/33GHz/NGC5258_33GHz_smooth_regrid_co32.image/",inpmask="/1/home/heh15/workingspace/Arp240/NGC5257/ratio/region/south_SFR_co32.crtf",output="/1/home/heh15/workingspace/Arp240/NGC5257/ratio/mask/south_SFR_co32.mask",overwrite=False,
2019-04-08 14:42:08	INFO	makemask::::+	        inpfreqs=[],outfreqs=[])
2019-04-08 14:42:08	SEVERE	makemask::::	An error occurred running task makemask.
2019-04-08 14:42:08	INFO	exportfits::::	
2019-04-08 14:42:08	INFO	exportfits::::+	##########################################
2019-04-08 14:42:08	INFO	exportfits::::+	##### Begin Task: exportfits         #####
2019-04-08 14:42:08	INFO	exportfits::::	exportfits(imagename="/1/home/heh15/workingspace/Arp240/NGC5257/ratio/mask/south_SFR_co32.mask",fitsimage="/1/home/heh15/workingspace/Arp240/NGC5257/ratio/mask/south_SFR_co32_mask.fits",velocity=False,optical=False,bitpix=-32,
2019-04-08 14:42:08	INFO	exportfits::::+	        minpix=0,maxpix=-1,overwrite=False,dropstokes=False,stokeslast=True,
2019-04-08 14:42:08	INFO	exportfits::::+	        history=True,dropdeg=False)
2019-04-08 14:42:08	SEVERE	exportfits::image::tofits (file ../../tools/images/image_cmpt.cc, line 6042)	Exception Reported: Exception: File /1/home/heh15/workingspace/Arp240/NGC5257/ratio/mask/south_SFR_co32_mask.fits exists, and the user does not want to remove it..
2019-04-08 14:42:08	SEVERE	exportfits::image::tofits (file ../../tools/images/image_cmpt.cc, line 6042)+	... thrown by static void casa::ImageFactory::_checkOutfile(const casacore::String&, casacore::Bool) at File: ../../imageanalysis/ImageAnalysis/ImageFactory2.cc, line: 568
2019-04-08 14:42:08	SEVERE	exportfits::::	An error occurred running task exportfits.
2019-04-08 14:42:08	INFO	immath::::	
2019-04-08 14:42:08	INFO	immath::::+	##########################################
2019-04-08 14:42:08	INFO	immath::::+	##### Begin Task: immath             #####
2019-04-08 14:42:08	INFO	immath::::	immath(imagename=['/1/home/heh15/workingspace/Arp240/NGC5257/ratio/mask/whole.mask', '/1/home/heh15/workingspace/Arp240/NGC5257/ratio/mask/south_SFR_co32.mask'],mode="evalexpr",outfile="temp.mask",expr="IM0-IM1",varnames="",
2019-04-08 14:42:08	INFO	immath::::+	        sigma="0.0mJy/beam",polithresh="",mask="",region="",box="",
2019-04-08 14:42:08	INFO	immath::::+	        chans="",stokes="",stretch=False,imagemd="")
2019-04-08 14:42:08	SEVERE	immath::::	Image data set not found - please verify /1/home/heh15/workingspace/Arp240/NGC5257/ratio/mask/whole.mask
2019-04-08 14:42:08	SEVERE	immath::::	Unable to process expression IM0-IM1
2019-04-08 14:42:08	SEVERE	immath::::	Exception caught was: Image data set not found - please verify /1/home/heh15/workingspace/Arp240/NGC5257/ratio/mask/whole.mask
2019-04-08 14:42:08	SEVERE	immath::::	An error occurred running task immath.
2019-04-08 14:42:08	SEVERE	image::open (file ../../tools/images/image_cmpt.cc, line 4044)	Exception Reported: Exception: File temp.mask does not exist..
2019-04-08 14:42:08	SEVERE	image::open (file ../../tools/images/image_cmpt.cc, line 4044)+	... thrown by static void casa::ImageFactory::_checkInfile(const casacore::String&) at File: ../../imageanalysis/ImageAnalysis/ImageFactory2.cc, line: 350
2019-04-08 14:42:38	INFO	makemask::::	
2019-04-08 14:42:38	INFO	makemask::::+	##########################################
2019-04-08 14:42:38	INFO	makemask::::+	##### Begin Task: makemask           #####
2019-04-08 14:42:38	INFO	makemask::::	makemask(mode="copy",inpimage="/1/home/heh15/workingspace/Arp240/NGC5257/ratio/image/33GHz/NGC5258_33GHz_smooth_regrid_co32.image/",inpmask="/1/home/heh15/workingspace/Arp240/NGC5257/ratio/region/south_SFR_co32.crtf",output="/1/home/heh15/workingspace/Arp240/NGC5257/ratio/mask/south_SFR_co32.mask",overwrite=False,
2019-04-08 14:42:38	INFO	makemask::::+	        inpfreqs=[],outfreqs=[])
2019-04-08 14:42:38	SEVERE	makemask::::	An error occurred running task makemask.
2019-04-08 14:43:27	INFO	makemask::::	
2019-04-08 14:43:27	INFO	makemask::::+	##########################################
2019-04-08 14:43:27	INFO	makemask::::+	##### Begin Task: makemask           #####
2019-04-08 14:43:27	INFO	makemask::::	makemask(mode="copy",inpimage="/1/home/heh15/workingspace/Arp240/NGC5257/ratio/image/33GHz/NGC5258_33GHz_smooth_regrid_co32.image/",inpmask="/1/home/heh15/workingspace/Arp240/NGC5257/ratio/region/south_SFR_co32.crtf",output="/1/home/heh15/workingspace/Arp240/NGC5257/ratio/mask/south_SFR_co32.mask",overwrite=False,
2019-04-08 14:43:27	INFO	makemask::::+	        inpfreqs=[],outfreqs=[])
2019-04-08 14:43:27	SEVERE	makemask::::	An error occurred running task makemask.
2019-04-08 14:43:43	INFO	makemask::::	
2019-04-08 14:43:43	INFO	makemask::::+	##########################################
2019-04-08 14:43:43	INFO	makemask::::+	##### Begin Task: makemask           #####
2019-04-08 14:43:43	INFO	makemask::::	makemask(mode="copy",inpimage="/1/home/heh15/workingspace/Arp240/NGC5258/ratio/image/33GHz/NGC5258_33GHz_smooth_regrid_co32.image/",inpmask="/1/home/heh15/workingspace/Arp240/NGC5258/ratio/region/south_SFR_co32.crtf",output="/1/home/heh15/workingspace/Arp240/NGC5258/ratio/mask/south_SFR_co32.mask",overwrite=False,
2019-04-08 14:43:43	INFO	makemask::::+	        inpfreqs=[],outfreqs=[])
2019-04-08 14:43:43	SEVERE	makemask::::	An error occurred running task makemask.
2019-04-08 14:43:43	INFO	exportfits::utils::verify	Verifying arguments....File existence checking failed for imagename /1/home/heh15/workingspace/Arp240/NGC5258/ratio/mask/south_SFR_co32.mask
2019-04-08 14:43:43	WARN	exportfits::utils::verify	Argument imagename failed to verify.
2019-04-08 14:43:43	SEVERE	exportfits::::	An error occurred running task exportfits.
2019-04-08 14:43:43	INFO	immath::::	
2019-04-08 14:43:43	INFO	immath::::+	##########################################
2019-04-08 14:43:43	INFO	immath::::+	##### Begin Task: immath             #####
2019-04-08 14:43:43	INFO	immath::::	immath(imagename=['/1/home/heh15/workingspace/Arp240/NGC5258/ratio/mask/whole.mask', '/1/home/heh15/workingspace/Arp240/NGC5258/ratio/mask/south_SFR_co32.mask'],mode="evalexpr",outfile="temp.mask",expr="IM0-IM1",varnames="",
2019-04-08 14:43:43	INFO	immath::::+	        sigma="0.0mJy/beam",polithresh="",mask="",region="",box="",
2019-04-08 14:43:43	INFO	immath::::+	        chans="",stokes="",stretch=False,imagemd="")
2019-04-08 14:43:43	SEVERE	immath::::	Image data set not found - please verify /1/home/heh15/workingspace/Arp240/NGC5258/ratio/mask/south_SFR_co32.mask
2019-04-08 14:43:43	SEVERE	immath::::	Unable to process expression IM0-IM1
2019-04-08 14:43:43	SEVERE	immath::::	Exception caught was: Image data set not found - please verify /1/home/heh15/workingspace/Arp240/NGC5258/ratio/mask/south_SFR_co32.mask
2019-04-08 14:43:43	SEVERE	immath::::	An error occurred running task immath.
2019-04-08 14:43:43	SEVERE	image::open (file ../../tools/images/image_cmpt.cc, line 4044)	Exception Reported: Exception: File temp.mask does not exist..
2019-04-08 14:43:43	SEVERE	image::open (file ../../tools/images/image_cmpt.cc, line 4044)+	... thrown by static void casa::ImageFactory::_checkInfile(const casacore::String&) at File: ../../imageanalysis/ImageAnalysis/ImageFactory2.cc, line: 350
2019-04-08 14:43:58	INFO	makemask::::	
2019-04-08 14:43:58	INFO	makemask::::+	##########################################
2019-04-08 14:43:58	INFO	makemask::::+	##### Begin Task: makemask           #####
2019-04-08 14:43:58	INFO	makemask::::	makemask(mode="copy",inpimage="/1/home/heh15/workingspace/Arp240/NGC5258/ratio/image/33GHz/NGC5258_33GHz_smooth_regrid_co32.image/",inpmask="/1/home/heh15/workingspace/Arp240/NGC5258/ratio/region/south_SFR_co32.crtf",output="/1/home/heh15/workingspace/Arp240/NGC5258/ratio/mask/south_SFR_co32.mask",overwrite=False,
2019-04-08 14:43:58	INFO	makemask::::+	        inpfreqs=[],outfreqs=[])
2019-04-08 14:43:58	SEVERE	makemask::::	An error occurred running task makemask.
2019-04-08 14:45:10	INFO	makemask::::	
2019-04-08 14:45:10	INFO	makemask::::+	##########################################
2019-04-08 14:45:10	INFO	makemask::::+	##### Begin Task: makemask           #####
2019-04-08 14:45:10	INFO	makemask::::	makemask(mode="copy",inpimage="/1/home/heh15/workingspace/Arp240/NGC5258/ratio/image/33GHz/NGC5258_33GHz_smooth_co32_regrid.image/",inpmask="/1/home/heh15/workingspace/Arp240/NGC5258/ratio/region/south_SFR_co32.crtf",output="/1/home/heh15/workingspace/Arp240/NGC5258/ratio/mask/south_SFR_co32.mask",overwrite=False,
2019-04-08 14:45:10	INFO	makemask::::+	        inpfreqs=[],outfreqs=[])
2019-04-08 14:45:10	INFO	makemask::ImageFactory::createImage	Created Paged image '__tmp_outputmask' of shape [320, 320, 1, 1] with float valued pixels.
2019-04-08 14:45:11	INFO	makemask::ImageFactory::createImage	Created Paged image '__tmp_fromAllRgn' of shape [320, 320, 1, 1] with float valued pixels.
2019-04-08 14:45:11	INFO	makemask::AsciiRegionFileParser::_parse	Combined 1 image regions (which excludes any annotation regions)
2019-04-08 14:45:11	INFO	makemask::AsciiRegionFileParser::_parse	The specified region will select all pixels that are included in the region. Full pixels will be included even when they are only partially covered by the region(s).
2019-04-08 14:45:12	INFO	makemask::::	Converted 1 regions from 1 region files to image mask
2019-04-08 14:45:12	INFO	ImageMaskAttacher::makeMask	Created and initialized mask `mask0'
2019-04-08 14:45:12	INFO	SubImageFactory::createImage	Creating image '__tmp_regrid_allrgnmask' of shape [320, 320, 1, 1]
2019-04-08 14:45:12	INFO		deleted table /1/home/heh15/workingspace/Arp240/NGC5258/ratio/script/casa/makemask/temp/_tmp_copy___tmp_fromAllRgn
2019-04-08 14:45:13	INFO	makemask::::	Added mask based on regions to output mask
2019-04-08 14:45:13	INFO	ImageFactory::_rename	Successfully renamed file /1/home/heh15/workingspace/Arp240/NGC5258/ratio/script/casa/makemask/temp/__tmp_outputmask to /1/home/heh15/workingspace/Arp240/NGC5258/ratio/mask/south_SFR_co32.mask
2019-04-08 14:45:13	INFO	makemask::::	Merged masks from:
2019-04-08 14:45:13	INFO	makemask::::	region txt file(s): ['/1/home/heh15/workingspace/Arp240/NGC5258/ratio/region/south_SFR_co32.crtf']
2019-04-08 14:45:13	INFO	makemask::::	to create an output mask: /1/home/heh15/workingspace/Arp240/NGC5258/ratio/mask/south_SFR_co32.mask 
2019-04-08 14:45:13	INFO	makemask::::	##### End Task: makemask             #####
2019-04-08 14:45:13	INFO	makemask::::+	##########################################
2019-04-08 14:45:14	INFO	exportfits::::	
2019-04-08 14:45:14	INFO	exportfits::::+	##########################################
2019-04-08 14:45:14	INFO	exportfits::::+	##### Begin Task: exportfits         #####
2019-04-08 14:45:14	INFO	exportfits::::	exportfits(imagename="/1/home/heh15/workingspace/Arp240/NGC5258/ratio/mask/south_SFR_co32.mask",fitsimage="/1/home/heh15/workingspace/Arp240/NGC5258/ratio/mask/south_SFR_co32_mask.fits",velocity=False,optical=False,bitpix=-32,
2019-04-08 14:45:14	INFO	exportfits::::+	        minpix=0,maxpix=-1,overwrite=False,dropstokes=False,stokeslast=True,
2019-04-08 14:45:14	INFO	exportfits::::+	        history=True,dropdeg=False)
2019-04-08 14:45:14	INFO	exportfits::::	##### End Task: exportfits           #####
2019-04-08 14:45:14	INFO	exportfits::::+	##########################################
2019-04-08 14:45:14	INFO	immath::::	
2019-04-08 14:45:14	INFO	immath::::+	##########################################
2019-04-08 14:45:14	INFO	immath::::+	##### Begin Task: immath             #####
2019-04-08 14:45:14	INFO	immath::::	immath(imagename=['/1/home/heh15/workingspace/Arp240/NGC5258/ratio/mask/whole.mask', '/1/home/heh15/workingspace/Arp240/NGC5258/ratio/mask/south_SFR_co32.mask'],mode="evalexpr",outfile="temp.mask",expr="IM0-IM1",varnames="",
2019-04-08 14:45:14	INFO	immath::::+	        sigma="0.0mJy/beam",polithresh="",mask="",region="",box="",
2019-04-08 14:45:14	INFO	immath::::+	        chans="",stokes="",stretch=False,imagemd="")
2019-04-08 14:45:14	INFO	ImageExprCalculator::_imagecalc	Creating image `temp.mask' of shape [320, 320, 1, 1]
2019-04-08 14:45:14	INFO	immath::::	##### End Task: immath               #####
2019-04-08 14:45:14	INFO	immath::::+	##########################################
2019-04-08 14:45:14	INFO	ImageMaskHandler::_calcmask	Created mask `mask0'
2019-04-08 14:45:15	INFO	makemask::::	
2019-04-08 14:45:15	INFO	makemask::::+	##########################################
2019-04-08 14:45:15	INFO	makemask::::+	##### Begin Task: makemask           #####
2019-04-08 14:45:15	INFO	makemask::::	makemask(mode="copy",inpimage="temp.mask",inpmask="temp.mask:mask0",output="/1/home/heh15/workingspace/Arp240/NGC5258/ratio/mask/rest_SFR_co32.mask",overwrite=False,
2019-04-08 14:45:15	INFO	makemask::::+	        inpfreqs=[],outfreqs=[])
2019-04-08 14:45:15	INFO	makemask::ImageFactory::createImage	Created Paged image '__tmp_outputmask' of shape [320, 320, 1, 1] with float valued pixels.
2019-04-08 14:45:16	INFO	makemask::::	Summing all T/F mask in inpmask and normalized to 1 for mask
2019-04-08 14:45:17	INFO	ImageMaskAttacher::makeMask	Created and initialized mask `mask0'
2019-04-08 14:45:17	INFO	SubImageFactory::createImage	Creating image '__tmp_fromTFmask' of shape [320, 320, 1, 1]
2019-04-08 14:45:17	INFO		deleted table /1/home/heh15/workingspace/Arp240/NGC5258/ratio/script/casa/makemask/temp/_tmp_copy___tmp_frominmask
2019-04-08 14:45:19	INFO	ImageFactory::_rename	Successfully renamed file /1/home/heh15/workingspace/Arp240/NGC5258/ratio/script/casa/makemask/temp/__tmp_outputmask to /1/home/heh15/workingspace/Arp240/NGC5258/ratio/mask/rest_SFR_co32.mask
2019-04-08 14:45:19	INFO	makemask::::	Merged masks from:
2019-04-08 14:45:19	INFO	makemask::::	internal mask(s): ['temp.mask:mask0']
2019-04-08 14:45:19	INFO	makemask::::	to create an output mask: /1/home/heh15/workingspace/Arp240/NGC5258/ratio/mask/rest_SFR_co32.mask 
2019-04-08 14:45:19	INFO	makemask::::	##### End Task: makemask             #####
2019-04-08 14:45:19	INFO	makemask::::+	##########################################
2019-04-08 14:45:19	INFO	rmtables::::	
2019-04-08 14:45:19	INFO	rmtables::::+	##########################################
2019-04-08 14:45:19	INFO	rmtables::::+	##### Begin Task: rmtables           #####
2019-04-08 14:45:19	INFO	rmtables::::	rmtables(tablenames="temp.mask")
2019-04-08 14:45:19	INFO	rmtables::::	Removing temp.mask
2019-04-08 14:45:19	INFO	rmtables::::	##### End Task: rmtables             #####
2019-04-08 14:45:19	INFO	rmtables::::+	##########################################
2019-04-08 14:45:19	INFO	exportfits::::	
2019-04-08 14:45:19	INFO	exportfits::::+	##########################################
2019-04-08 14:45:19	INFO	exportfits::::+	##### Begin Task: exportfits         #####
2019-04-08 14:45:19	INFO	exportfits::::	exportfits(imagename="/1/home/heh15/workingspace/Arp240/NGC5258/ratio/mask/rest_SFR_co32.mask",fitsimage="/1/home/heh15/workingspace/Arp240/NGC5258/ratio/mask/rest_SFR_co32_mask.fits",velocity=False,optical=False,bitpix=-32,
2019-04-08 14:45:19	INFO	exportfits::::+	        minpix=0,maxpix=-1,overwrite=False,dropstokes=False,stokeslast=True,
2019-04-08 14:45:19	INFO	exportfits::::+	        history=True,dropdeg=False)
2019-04-08 14:45:19	INFO	exportfits::::	##### End Task: exportfits           #####
2019-04-08 14:45:19	INFO	exportfits::::+	##########################################
